<?xml version="1.0" encoding="UTF-8"?>
<jobs>
  <job>
    <referencenumber>17163</referencenumber>
    <date>1970-01-01 00:00:00</date>
    <title>Speech Language Pathologist   in Fairbanks, AK</title>
    <description><![CDATA[<ul>&#13;
	<li><strong>Location: </strong>Fairbanks,  AK</li>&#13;
	<li><strong>Setting: </strong>Hospital</li>&#13;
		<li><strong>Employment Type: </strong>Traveler</li>	&#13;
</ul><P><P>Ardor Health is looking for a SLP to travel to Fairbanks Alaska!</P>&#13;
<P>For more information contact us!</P></P>&#13;
<ul>&#13;
</ul>]]></description>
    <company>Ardor Health</company>
    <url><![CDATA[https://www.ardorhealth.com/?post_type=job_listing&p=17163]]></url>
    <jobtype>Traveler</jobtype>
    <profession>SLP</profession>
    <specialty>SLP</specialty>
    <sub_specialty/>
    <days>91</days>
    <shift/>
    <hours_per_week/>
    <salary>$2,653</salary>
    <start_date/>
    <city/>
    <state/>
    <country>US</country>
  </job>
  <job>
    <referencenumber>43058</referencenumber>
    <date>2021-09-13 14:56:00</date>
    <title>RRT / Registered Respiratory Therapist  Hospital/In-Patient in Overland Park, KS</title>
    <description><![CDATA[<strong>Estimated payment breakdown
</strong>
<strong>$2,340</strong> per week in taxable pay and non-taxable stipends
<ul>
 	<li>Specialty: <strong>RRT</strong></li>
 	<li>Start Date: <strong>2/7/2022</strong></li>
 	<li>Duration: <strong>17</strong></li>
 	<li><b>36 hours per week</b></li>
 	<li>Shift: <strong>3x12 Nights</strong></li>
 	<li>Employment Type: <strong>Traveler</strong></li>
</ul>
<p>Ardor Health Solutions is looking for a In-Patient - In Patient to join our travel team in Overland Park, KS! This is a full time travel contract position.</p>

<p>Requirements include, but are not limited to:</p>

<ul>
	<li>Active KS Respiratory Therapy license</li>
	<li>2+ years of In-Patient - In Patient experience</li>
	<li>Ability to clear a drug screen/background check</li>
	<li>This position begins on 09/20/2021 and ends on 01/17/2022</li>
</ul>

<p><strong>Benefits include:</strong></p>

<ul>
	<li>Major Medical</li>
	<li>Dental/Vision Insurance</li>
	<li>Pet Insurance</li>
	<li>Life Insurance with extensive family health options</li>
	<li>License Reimbursements and processing assistance with our internal licensing department</li>
	<li>$500 referral bonus</li>
	<li>24-hour emergency access to our offices</li>
</ul>

<p><strong>About Ardor Health Solutions:</strong></p>

<p>Ardor Health Solutions is a fun, energetic, and passionate group of healthcare staffing professionals. We strive to bring you the highest quality positions that are perfect for your career. We are dedicated to finding you a travel position that not only provides superior compensation, but enriches your life.</p>

<p>Ardor Health Solutions is a Fortune Ranked, award-winning, expanding company that has also recently been ranked the <em>20th Largest Allied Staffing Firm in the Nation </em>by Staffing Industry Analysts (SIA) and by <em>Fortune`s Great Places to Work Survey</em>s several years in a row.</p>

<p>For more information or to be considered, please apply now.</p>

381697]]></description>
    <company>Ardor Health</company>
    <url>https://www.ardorhealth.com/job/registered-respiratory-therapist-hospital-in-patient-in-overland-park-ks-overland-park-ks-2/</url>
    <jobtype>Traveler</jobtype>
    <profession>RRT</profession>
    <specialty>RRT</specialty>
    <sub_specialty>Hos InPat</sub_specialty>
    <days>119</days>
    <shift>3x12 Nights</shift>
    <hours_per_week>36</hours_per_week>
    <salary>$2,340</salary>
    <start_date>2/7/2022</start_date>
    <city>Overland Park</city>
    <state>KS</state>
    <country>US</country>
  </job>
  <job>
    <referencenumber>43061</referencenumber>
    <date>2021-09-13 14:55:00</date>
    <title>RN / Registered Nurse  Progressive Care Unit in Arlington, TX</title>
    <description><![CDATA[<strong>Estimated payment breakdown
</strong>
<strong>$2,743</strong> per week in taxable pay and non-taxable stipends
<ul>
 	<li>Specialty: <strong>RN</strong></li>
 	<li>Start Date: <strong>2/7/2022</strong></li>
 	<li>Duration: <strong>13</strong></li>
 	<li><b>36 hours per week</b></li>
 	<li>Shift: <strong>3x12 Nights</strong></li>
 	<li>Employment Type: <strong>Traveler</strong></li>
</ul>
<p>Ardor Health Solutions is looking for a Progressive Care Unit - PCU to join our travel team in Arlington, TX! This is a full time travel contract position.</p>

<p>Requirements include, but are not limited to:</p>

<ul>
	<li>Active TX RN license</li>
	<li>2+ years of Progressive Care Unit - PCU experience</li>
	<li>Ability to clear a drug screen/background check</li>
	<li>This position begins on 09/27/2021 and ends on 12/27/2021</li>
</ul>

<p><strong>Benefits include:</strong></p>

<ul>
	<li>Major Medical</li>
	<li>Dental/Vision Insurance</li>
	<li>Pet Insurance</li>
	<li>Life Insurance with extensive family health options</li>
	<li>License Reimbursements and processing assistance with our internal licensing department</li>
	<li>$500 referral bonus</li>
	<li>24-hour emergency access to our offices</li>
</ul>

<p><strong>About Ardor Health Solutions:</strong></p>

<p>Ardor Health Solutions is a fun, energetic, and passionate group of healthcare staffing professionals. We strive to bring you the highest quality positions that are perfect for your career. We are dedicated to finding you a travel position that not only provides superior compensation, but enriches your life.</p>

<p>Ardor Health Solutions is a Fortune Ranked, award-winning, expanding company that has also recently been ranked the <em>20th Largest Allied Staffing Firm in the Nation </em>by Staffing Industry Analysts (SIA) and by <em>Fortune`s Great Places to Work Survey</em>s several years in a row.</p>

<p>For more information or to be considered, please apply now.</p>

381684]]></description>
    <company>Ardor Health</company>
    <url>https://www.ardorhealth.com/job/registered-nurse-progressive-care-unit-in-arlington-tx-arlington-tx-2/</url>
    <jobtype>Traveler</jobtype>
    <profession>RN</profession>
    <specialty>RN</specialty>
    <sub_specialty>PCU</sub_specialty>
    <days>91</days>
    <shift>3x12 Nights</shift>
    <hours_per_week>36</hours_per_week>
    <salary>$2,743</salary>
    <start_date>2/7/2022</start_date>
    <city>Arlington</city>
    <state>TX</state>
    <country>US</country>
  </job>
  <job>
    <referencenumber>43357</referencenumber>
    <date>2021-09-03 11:07:00</date>
    <title>RN / Registered Nurse  Emergency Room in DENVILLE, NJ</title>
    <description><![CDATA[<strong>Estimated payment breakdown
</strong>
<strong>$2,743</strong> per week in taxable pay and non-taxable stipends
<ul>
 	<li>Specialty: <strong>RN</strong></li>
 	<li>Start Date: <strong>1/30/2022</strong></li>
 	<li>Duration: <strong>13</strong></li>
 	<li><b>36 hours per week</b></li>
 	<li>Shift: <strong>Rotating</strong></li>
 	<li>Employment Type: <strong>Traveler</strong></li>
</ul>
<p>Ardor Health Solutions is looking for a Emergency Room - ER to join our travel team in DENVILLE, NJ! This is a full time travel contract position.</p>

<p>Requirements include, but are not limited to:</p>

<ul>
	<li>Active NJ RN license</li>
	<li>2+ years of Emergency Room - ER experience</li>
	<li>Ability to clear a drug screen/background check</li>
	<li>This position begins on 09/12/2021 and ends on 12/11/2021</li>
</ul>

<p><strong>Benefits include:</strong></p>

<ul>
	<li>Major Medical</li>
	<li>Dental/Vision Insurance</li>
	<li>Pet Insurance</li>
	<li>Life Insurance with extensive family health options</li>
	<li>License Reimbursements and processing assistance with our internal licensing department</li>
	<li>$500 referral bonus</li>
	<li>24-hour emergency access to our offices</li>
</ul>

<p><strong>About Ardor Health Solutions:</strong></p>

<p>Ardor Health Solutions is a fun, energetic, and passionate group of healthcare staffing professionals. We strive to bring you the highest quality positions that are perfect for your career. We are dedicated to finding you a travel position that not only provides superior compensation, but enriches your life.</p>

<p>Ardor Health Solutions is a Fortune Ranked, award-winning, expanding company that has also recently been ranked the <em>20th Largest Allied Staffing Firm in the Nation </em>by Staffing Industry Analysts (SIA) and by <em>Fortune`s Great Places to Work Survey</em>s several years in a row.</p>

<p>For more information or to be considered, please apply now.</p>

378467]]></description>
    <company>Ardor Health</company>
    <url>https://www.ardorhealth.com/job/registered-nurse-emergency-room-in-denville-nj-denville-nj/</url>
    <jobtype>Traveler</jobtype>
    <profession>RN</profession>
    <specialty>RN</specialty>
    <sub_specialty>ER</sub_specialty>
    <days>91</days>
    <shift>Rotating</shift>
    <hours_per_week>36</hours_per_week>
    <salary>$2,743</salary>
    <start_date>1/30/2022</start_date>
    <city>DENVILLE</city>
    <state>NJ</state>
    <country>US</country>
  </job>
  <job>
    <referencenumber>43361</referencenumber>
    <date>2021-09-02 16:04:00</date>
    <title>RN / Registered Nurse  Telemetry in Neptune City, NJ</title>
    <description><![CDATA[<strong>Estimated payment breakdown
</strong>
<strong>$4,001</strong> per week in taxable pay and non-taxable stipends
<ul>
 	<li>Specialty: <strong>RN</strong></li>
 	<li>Start Date: <strong>1/30/2022</strong></li>
 	<li>Duration: <strong>13</strong></li>
 	<li><b>36 hours per week</b></li>
 	<li>Shift: <strong>3x12 Days</strong></li>
 	<li>Employment Type: <strong>Traveler</strong></li>
</ul>
<p>Ardor Health Solutions is looking for a Telemetry - TELE to join our travel team in Neptune City, NJ! This is a full time travel contract position.</p>

<p>Requirements include, but are not limited to:</p>

<ul>
	<li>Active NJ RN license</li>
	<li>2+ years of Telemetry - TELE experience</li>
	<li>Ability to clear a drug screen/background check</li>
	<li>This position begins on 08/29/2021 and ends on 11/28/2021</li>
</ul>

<p><strong>Benefits include:</strong></p>

<ul>
	<li>Major Medical</li>
	<li>Dental/Vision Insurance</li>
	<li>Pet Insurance</li>
	<li>Life Insurance with extensive family health options</li>
	<li>License Reimbursements and processing assistance with our internal licensing department</li>
	<li>$500 referral bonus</li>
	<li>24-hour emergency access to our offices</li>
</ul>

<p><strong>About Ardor Health Solutions:</strong></p>

<p>Ardor Health Solutions is a fun, energetic, and passionate group of healthcare staffing professionals. We strive to bring you the highest quality positions that are perfect for your career. We are dedicated to finding you a travel position that not only provides superior compensation, but enriches your life.</p>

<p>Ardor Health Solutions is a Fortune Ranked, award-winning, expanding company that has also recently been ranked the <em>20th Largest Allied Staffing Firm in the Nation </em>by Staffing Industry Analysts (SIA) and by <em>Fortune`s Great Places to Work Survey</em>s several years in a row.</p>

<p>For more information or to be considered, please apply now.</p>

378401]]></description>
    <company>Ardor Health</company>
    <url>https://www.ardorhealth.com/job/registered-nurse-telemetry-in-neptune-city-nj-neptune-city-nj-23/</url>
    <jobtype>Traveler</jobtype>
    <profession>RN</profession>
    <specialty>RN</specialty>
    <sub_specialty>TELE</sub_specialty>
    <days>91</days>
    <shift>3x12 Days</shift>
    <hours_per_week>36</hours_per_week>
    <salary>$4,001</salary>
    <start_date>1/30/2022</start_date>
    <city>Neptune City</city>
    <state>NJ</state>
    <country>US</country>
  </job>
  <job>
    <referencenumber>43362</referencenumber>
    <date>2021-09-02 16:03:00</date>
    <title>RN / Registered Nurse  Telemetry in Neptune City, NJ</title>
    <description><![CDATA[<strong>Estimated payment breakdown
</strong>
<strong>$4,001</strong> per week in taxable pay and non-taxable stipends
<ul>
 	<li>Specialty: <strong>RN</strong></li>
 	<li>Start Date: <strong>1/30/2022</strong></li>
 	<li>Duration: <strong>13</strong></li>
 	<li><b>36 hours per week</b></li>
 	<li>Shift: <strong>3x12 Days</strong></li>
 	<li>Employment Type: <strong>Traveler</strong></li>
</ul>
<p>Ardor Health Solutions is looking for a Telemetry - TELE to join our travel team in Neptune City, NJ! This is a full time travel contract position.</p>

<p>Requirements include, but are not limited to:</p>

<ul>
	<li>Active NJ RN license</li>
	<li>2+ years of Telemetry - TELE experience</li>
	<li>Ability to clear a drug screen/background check</li>
	<li>This position begins on 08/29/2021 and ends on 11/28/2021</li>
</ul>

<p><strong>Benefits include:</strong></p>

<ul>
	<li>Major Medical</li>
	<li>Dental/Vision Insurance</li>
	<li>Pet Insurance</li>
	<li>Life Insurance with extensive family health options</li>
	<li>License Reimbursements and processing assistance with our internal licensing department</li>
	<li>$500 referral bonus</li>
	<li>24-hour emergency access to our offices</li>
</ul>

<p><strong>About Ardor Health Solutions:</strong></p>

<p>Ardor Health Solutions is a fun, energetic, and passionate group of healthcare staffing professionals. We strive to bring you the highest quality positions that are perfect for your career. We are dedicated to finding you a travel position that not only provides superior compensation, but enriches your life.</p>

<p>Ardor Health Solutions is a Fortune Ranked, award-winning, expanding company that has also recently been ranked the <em>20th Largest Allied Staffing Firm in the Nation </em>by Staffing Industry Analysts (SIA) and by <em>Fortune`s Great Places to Work Survey</em>s several years in a row.</p>

<p>For more information or to be considered, please apply now.</p>

378400]]></description>
    <company>Ardor Health</company>
    <url>https://www.ardorhealth.com/job/registered-nurse-telemetry-in-neptune-city-nj-neptune-city-nj-24/</url>
    <jobtype>Traveler</jobtype>
    <profession>RN</profession>
    <specialty>RN</specialty>
    <sub_specialty>TELE</sub_specialty>
    <days>91</days>
    <shift>3x12 Days</shift>
    <hours_per_week>36</hours_per_week>
    <salary>$4,001</salary>
    <start_date>1/30/2022</start_date>
    <city>Neptune City</city>
    <state>NJ</state>
    <country>US</country>
  </job>
  <job>
    <referencenumber>43363</referencenumber>
    <date>2021-09-02 16:01:00</date>
    <title>RN / Registered Nurse  Telemetry in Neptune City, NJ</title>
    <description><![CDATA[<strong>Estimated payment breakdown
</strong>
<strong>$4,001</strong> per week in taxable pay and non-taxable stipends
<ul>
 	<li>Specialty: <strong>RN</strong></li>
 	<li>Start Date: <strong>1/30/2022</strong></li>
 	<li>Duration: <strong>13</strong></li>
 	<li><b>36 hours per week</b></li>
 	<li>Shift: <strong>3x12 Nights</strong></li>
 	<li>Employment Type: <strong>Traveler</strong></li>
</ul>
<p>Ardor Health Solutions is looking for a Telemetry - TELE to join our travel team in Neptune City, NJ! This is a full time travel contract position.</p>

<p>Requirements include, but are not limited to:</p>

<ul>
	<li>Active NJ RN license</li>
	<li>2+ years of Telemetry - TELE experience</li>
	<li>Ability to clear a drug screen/background check</li>
	<li>This position begins on 08/29/2021 and ends on 11/28/2021</li>
</ul>

<p><strong>Benefits include:</strong></p>

<ul>
	<li>Major Medical</li>
	<li>Dental/Vision Insurance</li>
	<li>Pet Insurance</li>
	<li>Life Insurance with extensive family health options</li>
	<li>License Reimbursements and processing assistance with our internal licensing department</li>
	<li>$500 referral bonus</li>
	<li>24-hour emergency access to our offices</li>
</ul>

<p><strong>About Ardor Health Solutions:</strong></p>

<p>Ardor Health Solutions is a fun, energetic, and passionate group of healthcare staffing professionals. We strive to bring you the highest quality positions that are perfect for your career. We are dedicated to finding you a travel position that not only provides superior compensation, but enriches your life.</p>

<p>Ardor Health Solutions is a Fortune Ranked, award-winning, expanding company that has also recently been ranked the <em>20th Largest Allied Staffing Firm in the Nation </em>by Staffing Industry Analysts (SIA) and by <em>Fortune`s Great Places to Work Survey</em>s several years in a row.</p>

<p>For more information or to be considered, please apply now.</p>

378397]]></description>
    <company>Ardor Health</company>
    <url>https://www.ardorhealth.com/job/registered-nurse-telemetry-in-neptune-city-nj-neptune-city-nj-25/</url>
    <jobtype>Traveler</jobtype>
    <profession>RN</profession>
    <specialty>RN</specialty>
    <sub_specialty>TELE</sub_specialty>
    <days>91</days>
    <shift>3x12 Nights</shift>
    <hours_per_week>36</hours_per_week>
    <salary>$4,001</salary>
    <start_date>1/30/2022</start_date>
    <city>Neptune City</city>
    <state>NJ</state>
    <country>US</country>
  </job>
  <job>
    <referencenumber>43374</referencenumber>
    <date>2021-09-02 13:37:00</date>
    <title>RN / Registered Nurse  Clinical Decision Unit in Milwaukee, WI</title>
    <description><![CDATA[<strong>Estimated payment breakdown
</strong>
<strong>$2,118</strong> per week in taxable pay and non-taxable stipends
<ul>
 	<li>Specialty: <strong>RN</strong></li>
 	<li>Start Date: <strong>1/31/2022</strong></li>
 	<li>Duration: <strong>13</strong></li>
 	<li><b>40 hours per week</b></li>
 	<li>Shift: <strong>5x8 Days</strong></li>
 	<li>Employment Type: <strong>Traveler</strong></li>
</ul>
<p>Ardor Health Solutions is looking for a Clinical Decision Unit - CDU to join our travel team in Milwaukee, WI! This is a full time travel contract position.</p>

<p>Requirements include, but are not limited to:</p>

<ul>
	<li>Active WI RN license</li>
	<li>2+ years of Clinical Decision Unit - CDU experience</li>
	<li>Ability to clear a drug screen/background check</li>
	<li>This position begins on 09/06/2021 and ends on 12/06/2021</li>
</ul>

<p><strong>Benefits include:</strong></p>

<ul>
	<li>Major Medical</li>
	<li>Dental/Vision Insurance</li>
	<li>Pet Insurance</li>
	<li>Life Insurance with extensive family health options</li>
	<li>License Reimbursements and processing assistance with our internal licensing department</li>
	<li>$500 referral bonus</li>
	<li>24-hour emergency access to our offices</li>
</ul>

<p><strong>About Ardor Health Solutions:</strong></p>

<p>Ardor Health Solutions is a fun, energetic, and passionate group of healthcare staffing professionals. We strive to bring you the highest quality positions that are perfect for your career. We are dedicated to finding you a travel position that not only provides superior compensation, but enriches your life.</p>

<p>Ardor Health Solutions is a Fortune Ranked, award-winning, expanding company that has also recently been ranked the <em>20th Largest Allied Staffing Firm in the Nation </em>by Staffing Industry Analysts (SIA) and by <em>Fortune`s Great Places to Work Survey</em>s several years in a row.</p>

<p>For more information or to be considered, please apply now.</p>

378342]]></description>
    <company>Ardor Health</company>
    <url>https://www.ardorhealth.com/job/registered-nurse-clinical-decision-unit-in-milwaukee-wi-milwaukee-wi/</url>
    <jobtype>Traveler</jobtype>
    <profession>RN</profession>
    <specialty>RN</specialty>
    <sub_specialty>CDU</sub_specialty>
    <days>91</days>
    <shift>5x8 Days</shift>
    <hours_per_week>40</hours_per_week>
    <salary>$2,118</salary>
    <start_date>1/31/2022</start_date>
    <city>Milwaukee</city>
    <state>WI</state>
    <country>US</country>
  </job>
  <job>
    <referencenumber>45693</referencenumber>
    <date>2021-03-03 16:42:00</date>
    <title>RN / Registered Nurse  Psychiatric in YANKTON, SD</title>
    <description><![CDATA[<strong>Estimated payment breakdown
</strong>
<strong>$1,486</strong> per week in taxable pay and non-taxable stipends
<ul>
 	<li>Specialty: <strong>RN</strong></li>
 	<li>Start Date: <strong>2/7/2022</strong></li>
 	<li>Duration: <strong>12</strong></li>
 	<li><b>36 hours per week</b></li>
 	<li>Shift: <strong>Nights</strong></li>
 	<li>Employment Type: <strong>Traveler</strong></li>
</ul>
<p>Ardor Health Solutions is looking for a Psychiatric - PSYCH to join our travel team in YANKTON, SD! This is a full time travel contract position.</p>

<p>Requirements include, but are not limited to:</p>

<ul>
	<li>Active SD RN license</li>
	<li>2+ years of Psychiatric - PSYCH experience</li>
	<li>Ability to clear a drug screen/background check</li>
	<li>This position begins on 03/22/2021 and ends on 06/14/2021</li>
</ul>

<p><strong>Benefits include:</strong></p>

<ul>
	<li>Major Medical</li>
	<li>Dental/Vision Insurance</li>
	<li>Pet Insurance</li>
	<li>Life Insurance with extensive family health options</li>
	<li>License Reimbursements and processing assistance with our internal licensing department</li>
	<li>$500 referral bonus</li>
	<li>24-hour emergency access to our offices</li>
</ul>

<p><strong>About Ardor Health Solutions:</strong></p>

<p>Ardor Health Solutions is a fun, energetic, and passionate group of healthcare staffing professionals. We strive to bring you the highest quality positions that are perfect for your career. We are dedicated to finding you a travel position that not only provides superior compensation, but enriches your life.</p>

<p>Ardor Health Solutions is a Fortune Ranked, award-winning, expanding company that has also recently been ranked the <em>20th Largest Allied Staffing Firm in the Nation </em>by Staffing Industry Analysts (SIA) and by <em>Fortune`s Great Places to Work Survey</em>s several years in a row.</p>

<p>For more information or to be considered, please apply now.</p>

333726]]></description>
    <company>Ardor Health</company>
    <url>https://www.ardorhealth.com/job/registered-nurse-psychiatric-in-yankton-sd-yankton-sd/</url>
    <jobtype>Traveler</jobtype>
    <profession>RN</profession>
    <specialty>RN</specialty>
    <sub_specialty>PSYCH</sub_specialty>
    <days>84</days>
    <shift>Nights</shift>
    <hours_per_week>36</hours_per_week>
    <salary>$1,486</salary>
    <start_date>2/7/2022</start_date>
    <city>YANKTON</city>
    <state>SD</state>
    <country>US</country>
  </job>
  <job>
    <referencenumber>47955</referencenumber>
    <date>2021-09-14 13:50:00</date>
    <title>RN / Registered Nurse  Medical Surgical-General in Utica, NY</title>
    <description><![CDATA[<strong>Estimated payment breakdown
</strong>
<strong>$3,498</strong> per week in taxable pay and non-taxable stipends
<ul>
 	<li>Specialty: <strong>RN</strong></li>
 	<li>Start Date: <strong>2/7/2022</strong></li>
 	<li>Duration: <strong>13</strong></li>
 	<li><b>36 hours per week</b></li>
 	<li>Shift: <strong>3x12 Days</strong></li>
 	<li>Employment Type: <strong>Traveler</strong></li>
</ul>
<p>Ardor Health Solutions is looking for a Medical Surgical-General - M/S to join our travel team in Utica, NY! This is a full time travel contract position.</p>

<p>Requirements include, but are not limited to:</p>

<ul>
	<li>Active NY RN license</li>
	<li>2+ years of Medical Surgical-General - M/S experience</li>
	<li>Ability to clear a drug screen/background check</li>
	<li>This position begins on 09/27/2021 and ends on 12/25/2021</li>
</ul>

<p><strong>Benefits include:</strong></p>

<ul>
	<li>Major Medical</li>
	<li>Dental/Vision Insurance</li>
	<li>Pet Insurance</li>
	<li>Life Insurance with extensive family health options</li>
	<li>License Reimbursements and processing assistance with our internal licensing department</li>
	<li>$500 referral bonus</li>
	<li>24-hour emergency access to our offices</li>
</ul>

<p><strong>About Ardor Health Solutions:</strong></p>

<p>Ardor Health Solutions is a fun, energetic, and passionate group of healthcare staffing professionals. We strive to bring you the highest quality positions that are perfect for your career. We are dedicated to finding you a travel position that not only provides superior compensation, but enriches your life.</p>

<p>Ardor Health Solutions is a Fortune Ranked, award-winning, expanding company that has also recently been ranked the <em>20th Largest Allied Staffing Firm in the Nation </em>by Staffing Industry Analysts (SIA) and by <em>Fortune`s Great Places to Work Survey</em>s several years in a row.</p>

<p>For more information or to be considered, please apply now.</p>

382096]]></description>
    <company>Ardor Health</company>
    <url>https://www.ardorhealth.com/job/registered-nurse-medical-surgical-general-in-utica-ny-utica-ny/</url>
    <jobtype>Traveler</jobtype>
    <profession>RN</profession>
    <specialty>RN</specialty>
    <sub_specialty>M/S</sub_specialty>
    <days>91</days>
    <shift>3x12 Days</shift>
    <hours_per_week>36</hours_per_week>
    <salary>$3,498</salary>
    <start_date>2/7/2022</start_date>
    <city>Utica</city>
    <state>NY</state>
    <country>US</country>
  </job>
  <job>
    <referencenumber>47956</referencenumber>
    <date>2021-09-14 13:50:00</date>
    <title>ST / Surg Tech  Surgical General in Auburn, NY</title>
    <description><![CDATA[<strong>Estimated payment breakdown
</strong>
<strong>$2,054</strong> per week in taxable pay and non-taxable stipends
<ul>
 	<li>Specialty: <strong>ST</strong></li>
 	<li>Start Date: <strong>2/7/2022</strong></li>
 	<li>Duration: <strong>13</strong></li>
 	<li><b>40 hours per week</b></li>
 	<li>Shift: <strong>5x8 Days</strong></li>
 	<li>Employment Type: <strong>Traveler</strong></li>
</ul>
<p>Ardor Health Solutions is looking for a Surgical General - Surg Genl to join our travel team in Auburn, NY! This is a full time travel contract position.</p>

<p>Requirements include, but are not limited to:</p>

<ul>
	<li>Active NY OR TECHNICIAN IN AUBURN NY license</li>
	<li>2+ years of Surgical General - Surg Genl experience</li>
	<li>Ability to clear a drug screen/background check</li>
	<li>This position begins on 10/04/2021 and ends on 01/01/2022</li>
</ul>

<p><strong>Benefits include:</strong></p>

<ul>
	<li>Major Medical</li>
	<li>Dental/Vision Insurance</li>
	<li>Pet Insurance</li>
	<li>Life Insurance with extensive family health options</li>
	<li>License Reimbursements and processing assistance with our internal licensing department</li>
	<li>$500 referral bonus</li>
	<li>24-hour emergency access to our offices</li>
</ul>

<p><strong>About Ardor Health Solutions:</strong></p>

<p>Ardor Health Solutions is a fun, energetic, and passionate group of healthcare staffing professionals. We strive to bring you the highest quality positions that are perfect for your career. We are dedicated to finding you a travel position that not only provides superior compensation, but enriches your life.</p>

<p>Ardor Health Solutions is a Fortune Ranked, award-winning, expanding company that has also recently been ranked the <em>20th Largest Allied Staffing Firm in the Nation </em>by Staffing Industry Analysts (SIA) and by <em>Fortune`s Great Places to Work Survey</em>s several years in a row.</p>

<p>For more information or to be considered, please apply now.</p>

382095]]></description>
    <company>Ardor Health</company>
    <url>https://www.ardorhealth.com/job/surg-tech-surgical-general-in-auburn-ny-auburn-ny/</url>
    <jobtype>Traveler</jobtype>
    <profession>ST</profession>
    <specialty>ST</specialty>
    <sub_specialty>Surg Genl</sub_specialty>
    <days>91</days>
    <shift>5x8 Days</shift>
    <hours_per_week>40</hours_per_week>
    <salary>$2,054</salary>
    <start_date>2/7/2022</start_date>
    <city>Auburn</city>
    <state>NY</state>
    <country>US</country>
  </job>
  <job>
    <referencenumber>47969</referencenumber>
    <date>2021-09-14 09:27:00</date>
    <title>LPN / LVN / Licensed Practical / Vocational  Nurse  Outpatient Surgery in COOPERSTOWN, NY</title>
    <description><![CDATA[<strong>Estimated payment breakdown
</strong>
<strong>$1,753</strong> per week in taxable pay and non-taxable stipends
<ul>
 	<li>Specialty: <strong>LPN / LVN</strong></li>
 	<li>Start Date: <strong>2/7/2022</strong></li>
 	<li>Duration: <strong>13</strong></li>
 	<li><b>40 hours per week</b></li>
 	<li>Shift: <strong>5x8 Days</strong></li>
 	<li>Employment Type: <strong>Traveler</strong></li>
</ul>
<p>Ardor Health Solutions is looking for a Rehabilitation - Rehab to join our travel team in COOPERSTOWN, NY! This is a full time travel contract position.</p>

<p>Requirements include, but are not limited to:</p>

<ul>
	<li>Active NY LPN/LVN license</li>
	<li>2+ years of Rehabilitation - Rehab experience</li>
	<li>Ability to clear a drug screen/background check</li>
	<li>This position begins on 09/27/2021 and ends on 12/25/2021</li>
</ul>

<p><strong>Benefits include:</strong></p>

<ul>
	<li>Major Medical</li>
	<li>Dental/Vision Insurance</li>
	<li>Pet Insurance</li>
	<li>Life Insurance with extensive family health options</li>
	<li>License Reimbursements and processing assistance with our internal licensing department</li>
	<li>$500 referral bonus</li>
	<li>24-hour emergency access to our offices</li>
</ul>

<p><strong>About Ardor Health Solutions:</strong></p>

<p>Ardor Health Solutions is a fun, energetic, and passionate group of healthcare staffing professionals. We strive to bring you the highest quality positions that are perfect for your career. We are dedicated to finding you a travel position that not only provides superior compensation, but enriches your life.</p>

<p>Ardor Health Solutions is a Fortune Ranked, award-winning, expanding company that has also recently been ranked the <em>20th Largest Allied Staffing Firm in the Nation </em>by Staffing Industry Analysts (SIA) and by <em>Fortune`s Great Places to Work Survey</em>s several years in a row.</p>

<p>For more information or to be considered, please apply now.</p>

382014]]></description>
    <company>Ardor Health</company>
    <url>https://www.ardorhealth.com/job/licensed-practical-vocational-nurse-outpatient-surgery-in-cooperstown-ny-cooperstown-ny-2/</url>
    <jobtype>Traveler</jobtype>
    <profession>LPN / LVN</profession>
    <specialty>LPN / LVN</specialty>
    <sub_specialty>SDS</sub_specialty>
    <days>91</days>
    <shift>5x8 Days</shift>
    <hours_per_week>40</hours_per_week>
    <salary>$1,753</salary>
    <start_date>2/7/2022</start_date>
    <city>COOPERSTOWN</city>
    <state>NY</state>
    <country>US</country>
  </job>
  <job>
    <referencenumber>50378</referencenumber>
    <date>2021-09-15 10:50:00</date>
    <title>RN / Registered Nurse  Progressive Care Unit in Arlington, TX</title>
    <description><![CDATA[<strong>Estimated payment breakdown
</strong>
<strong>$2,743</strong> per week in taxable pay and non-taxable stipends
<ul>
 	<li>Specialty: <strong>RN</strong></li>
 	<li>Start Date: <strong>2/7/2022</strong></li>
 	<li>Duration: <strong>13</strong></li>
 	<li><b>36 hours per week</b></li>
 	<li>Shift: <strong>3x12 Days</strong></li>
 	<li>Employment Type: <strong>Traveler</strong></li>
</ul>
<p>Ardor Health Solutions is looking for a Progressive Care Unit - PCU to join our travel team in Arlington, TX! This is a full time travel contract position.</p>

<p>Requirements include, but are not limited to:</p>

<ul>
	<li>Active TX RN license</li>
	<li>2+ years of Progressive Care Unit - PCU experience</li>
	<li>Ability to clear a drug screen/background check</li>
	<li>This position begins on 10/04/2021 and ends on 01/03/2022</li>
</ul>

<p><strong>Benefits include:</strong></p>

<ul>
	<li>Major Medical</li>
	<li>Dental/Vision Insurance</li>
	<li>Pet Insurance</li>
	<li>Life Insurance with extensive family health options</li>
	<li>License Reimbursements and processing assistance with our internal licensing department</li>
	<li>$500 referral bonus</li>
	<li>24-hour emergency access to our offices</li>
</ul>

<p><strong>About Ardor Health Solutions:</strong></p>

<p>Ardor Health Solutions is a fun, energetic, and passionate group of healthcare staffing professionals. We strive to bring you the highest quality positions that are perfect for your career. We are dedicated to finding you a travel position that not only provides superior compensation, but enriches your life.</p>

<p>Ardor Health Solutions is a Fortune Ranked, award-winning, expanding company that has also recently been ranked the <em>20th Largest Allied Staffing Firm in the Nation </em>by Staffing Industry Analysts (SIA) and by <em>Fortune`s Great Places to Work Survey</em>s several years in a row.</p>

<p>For more information or to be considered, please apply now.</p>

382289]]></description>
    <company>Ardor Health</company>
    <url>https://www.ardorhealth.com/job/registered-nurse-progressive-care-unit-in-arlington-tx-arlington-tx/</url>
    <jobtype>Traveler</jobtype>
    <profession>RN</profession>
    <specialty>RN</specialty>
    <sub_specialty>PCU</sub_specialty>
    <days>91</days>
    <shift>3x12 Days</shift>
    <hours_per_week>36</hours_per_week>
    <salary>$2,743</salary>
    <start_date>2/7/2022</start_date>
    <city>Arlington</city>
    <state>TX</state>
    <country>US</country>
  </job>
  <job>
    <referencenumber>50440</referencenumber>
    <date>2021-09-01 14:52:00</date>
    <title>LPN / LVN / Licensed Practical / Vocational  Nurse  LPN / LVN in Hudson, NY</title>
    <description><![CDATA[<strong>Estimated payment breakdown
</strong>
<strong>$1,689</strong> per week in taxable pay and non-taxable stipends
<ul>
 	<li>Specialty: <strong>LPN / LVN</strong></li>
 	<li>Start Date: <strong>2/7/2022</strong></li>
 	<li>Duration: <strong>13</strong></li>
 	<li><b>40 hours per week</b></li>
 	<li>Shift: <strong>5x8 Days</strong></li>
 	<li>Employment Type: <strong>Traveler</strong></li>
</ul>
<p>Ardor Health Solutions is looking for a LPN / LVN - LPN / LVN to join our travel team in Hudson, NY! This is a full time travel contract position.</p>

<p>Requirements include, but are not limited to:</p>

<ul>
	<li>Active NY LPN/LVN license</li>
	<li>2+ years of LPN / LVN - LPN / LVN experience</li>
	<li>Ability to clear a drug screen/background check</li>
	<li>This position begins on 09/20/2021 and ends on 12/18/2021</li>
</ul>

<p><strong>Benefits include:</strong></p>

<ul>
	<li>Major Medical</li>
	<li>Dental/Vision Insurance</li>
	<li>Pet Insurance</li>
	<li>Life Insurance with extensive family health options</li>
	<li>License Reimbursements and processing assistance with our internal licensing department</li>
	<li>$500 referral bonus</li>
	<li>24-hour emergency access to our offices</li>
</ul>

<p><strong>About Ardor Health Solutions:</strong></p>

<p>Ardor Health Solutions is a fun, energetic, and passionate group of healthcare staffing professionals. We strive to bring you the highest quality positions that are perfect for your career. We are dedicated to finding you a travel position that not only provides superior compensation, but enriches your life.</p>

<p>Ardor Health Solutions is a Fortune Ranked, award-winning, expanding company that has also recently been ranked the <em>20th Largest Allied Staffing Firm in the Nation </em>by Staffing Industry Analysts (SIA) and by <em>Fortune`s Great Places to Work Survey</em>s several years in a row.</p>

<p>For more information or to be considered, please apply now.</p>

377703]]></description>
    <company>Ardor Health</company>
    <url>https://www.ardorhealth.com/job/licensed-practical-vocational-nurse-lpn-lvn-in-hudson-ny-hudson-ny/</url>
    <jobtype>Traveler</jobtype>
    <profession>LPN / LVN</profession>
    <specialty>LPN / LVN</specialty>
    <sub_specialty>LPN / LVN</sub_specialty>
    <days>91</days>
    <shift>5x8 Days</shift>
    <hours_per_week>40</hours_per_week>
    <salary>$1,689</salary>
    <start_date>2/7/2022</start_date>
    <city>Hudson</city>
    <state>NY</state>
    <country>US</country>
  </job>
  <job>
    <referencenumber>50441</referencenumber>
    <date>2021-09-01 14:51:00</date>
    <title>RN / Registered Nurse  Labor and Delivery in GREENVILLE, MS</title>
    <description><![CDATA[<strong>Estimated payment breakdown
</strong>
<strong>$2,858</strong> per week in taxable pay and non-taxable stipends
<ul>
 	<li>Specialty: <strong>RN</strong></li>
 	<li>Start Date: <strong>2/7/2022</strong></li>
 	<li>Duration: <strong>13</strong></li>
 	<li><b>36 hours per week</b></li>
 	<li>Shift: <strong>3x12 Nights</strong></li>
 	<li>Employment Type: <strong>Traveler</strong></li>
</ul>
<p>Ardor Health Solutions is looking for a Labor and Delivery - L&D to join our travel team in GREENVILLE, MS! This is a full time travel contract position.</p>

<p>Requirements include, but are not limited to:</p>

<ul>
	<li>Active MS RN license</li>
	<li>2+ years of Labor and Delivery - L&D experience</li>
	<li>Ability to clear a drug screen/background check</li>
	<li>This position begins on 09/20/2021 and ends on 12/20/2021</li>
</ul>

<p><strong>Benefits include:</strong></p>

<ul>
	<li>Major Medical</li>
	<li>Dental/Vision Insurance</li>
	<li>Pet Insurance</li>
	<li>Life Insurance with extensive family health options</li>
	<li>License Reimbursements and processing assistance with our internal licensing department</li>
	<li>$500 referral bonus</li>
	<li>24-hour emergency access to our offices</li>
</ul>

<p><strong>About Ardor Health Solutions:</strong></p>

<p>Ardor Health Solutions is a fun, energetic, and passionate group of healthcare staffing professionals. We strive to bring you the highest quality positions that are perfect for your career. We are dedicated to finding you a travel position that not only provides superior compensation, but enriches your life.</p>

<p>Ardor Health Solutions is a Fortune Ranked, award-winning, expanding company that has also recently been ranked the <em>20th Largest Allied Staffing Firm in the Nation </em>by Staffing Industry Analysts (SIA) and by <em>Fortune`s Great Places to Work Survey</em>s several years in a row.</p>

<p>For more information or to be considered, please apply now.</p>

377675]]></description>
    <company>Ardor Health</company>
    <url>https://www.ardorhealth.com/job/registered-nurse-labor-and-delivery-in-greenville-ms-greenville-ms/</url>
    <jobtype>Traveler</jobtype>
    <profession>RN</profession>
    <specialty>RN</specialty>
    <sub_specialty><![CDATA[L&D]]></sub_specialty>
    <days>91</days>
    <shift>3x12 Nights</shift>
    <hours_per_week>36</hours_per_week>
    <salary>$2,858</salary>
    <start_date>2/7/2022</start_date>
    <city>GREENVILLE</city>
    <state>MS</state>
    <country>US</country>
  </job>
  <job>
    <referencenumber>50442</referencenumber>
    <date>2021-09-01 14:50:00</date>
    <title>RN / Registered Nurse  Medical Surgical-General in Huntington, WV</title>
    <description><![CDATA[<strong>Estimated payment breakdown
</strong>
<strong>$3,200</strong> per week in taxable pay and non-taxable stipends
<ul>
 	<li>Specialty: <strong>RN</strong></li>
 	<li>Start Date: <strong>2/7/2022</strong></li>
 	<li>Duration: <strong>13</strong></li>
 	<li><b>36 hours per week</b></li>
 	<li>Shift: <strong>3x12 Nights</strong></li>
 	<li>Employment Type: <strong>Traveler</strong></li>
</ul>
<p>Ardor Health Solutions is looking for a Medical Surgical-General - M/S to join our travel team in Huntington, WV! This is a full time travel contract position.</p>

<p>Requirements include, but are not limited to:</p>

<ul>
	<li>Active WV RN license</li>
	<li>2+ years of Medical Surgical-General - M/S experience</li>
	<li>Ability to clear a drug screen/background check</li>
	<li>This position begins on 09/20/2021 and ends on 12/20/2021</li>
</ul>

<p><strong>Benefits include:</strong></p>

<ul>
	<li>Major Medical</li>
	<li>Dental/Vision Insurance</li>
	<li>Pet Insurance</li>
	<li>Life Insurance with extensive family health options</li>
	<li>License Reimbursements and processing assistance with our internal licensing department</li>
	<li>$500 referral bonus</li>
	<li>24-hour emergency access to our offices</li>
</ul>

<p><strong>About Ardor Health Solutions:</strong></p>

<p>Ardor Health Solutions is a fun, energetic, and passionate group of healthcare staffing professionals. We strive to bring you the highest quality positions that are perfect for your career. We are dedicated to finding you a travel position that not only provides superior compensation, but enriches your life.</p>

<p>Ardor Health Solutions is a Fortune Ranked, award-winning, expanding company that has also recently been ranked the <em>20th Largest Allied Staffing Firm in the Nation </em>by Staffing Industry Analysts (SIA) and by <em>Fortune`s Great Places to Work Survey</em>s several years in a row.</p>

<p>For more information or to be considered, please apply now.</p>

377672]]></description>
    <company>Ardor Health</company>
    <url>https://www.ardorhealth.com/job/registered-nurse-medical-surgical-general-in-huntington-wv-huntington-wv-3/</url>
    <jobtype>Traveler</jobtype>
    <profession>RN</profession>
    <specialty>RN</specialty>
    <sub_specialty>M/S</sub_specialty>
    <days>91</days>
    <shift>3x12 Nights</shift>
    <hours_per_week>36</hours_per_week>
    <salary>$3,200</salary>
    <start_date>2/7/2022</start_date>
    <city>Huntington</city>
    <state>WV</state>
    <country>US</country>
  </job>
  <job>
    <referencenumber>50444</referencenumber>
    <date>2021-09-01 14:49:00</date>
    <title>RN / Registered Nurse  Neonatal Intensive Care Unit in SOUTH CHARLESTON, WV</title>
    <description><![CDATA[<strong>Estimated payment breakdown
</strong>
<strong>$2,057</strong> per week in taxable pay and non-taxable stipends
<ul>
 	<li>Specialty: <strong>RN</strong></li>
 	<li>Start Date: <strong>2/8/2022</strong></li>
 	<li>Duration: <strong>13</strong></li>
 	<li><b>36 hours per week</b></li>
 	<li>Shift: <strong>3x12 Nights</strong></li>
 	<li>Employment Type: <strong>Traveler</strong></li>
</ul>
<p>Ardor Health Solutions is looking for a Neonatal Intensive Care Unit - NICU to join our travel team in SOUTH CHARLESTON, WV! This is a full time travel contract position.</p>

<p>Requirements include, but are not limited to:</p>

<ul>
	<li>Active WV RN license</li>
	<li>2+ years of Neonatal Intensive Care Unit - NICU experience</li>
	<li>Ability to clear a drug screen/background check</li>
	<li>This position begins on 09/28/2021 and ends on 12/28/2021</li>
</ul>

<p><strong>Benefits include:</strong></p>

<ul>
	<li>Major Medical</li>
	<li>Dental/Vision Insurance</li>
	<li>Pet Insurance</li>
	<li>Life Insurance with extensive family health options</li>
	<li>License Reimbursements and processing assistance with our internal licensing department</li>
	<li>$500 referral bonus</li>
	<li>24-hour emergency access to our offices</li>
</ul>

<p><strong>About Ardor Health Solutions:</strong></p>

<p>Ardor Health Solutions is a fun, energetic, and passionate group of healthcare staffing professionals. We strive to bring you the highest quality positions that are perfect for your career. We are dedicated to finding you a travel position that not only provides superior compensation, but enriches your life.</p>

<p>Ardor Health Solutions is a Fortune Ranked, award-winning, expanding company that has also recently been ranked the <em>20th Largest Allied Staffing Firm in the Nation </em>by Staffing Industry Analysts (SIA) and by <em>Fortune`s Great Places to Work Survey</em>s several years in a row.</p>

<p>For more information or to be considered, please apply now.</p>

377646]]></description>
    <company>Ardor Health</company>
    <url>https://www.ardorhealth.com/job/registered-nurse-neonatal-intensive-care-unit-in-south-charleston-wv-south-charleston-wv/</url>
    <jobtype>Traveler</jobtype>
    <profession>RN</profession>
    <specialty>RN</specialty>
    <sub_specialty>NICU</sub_specialty>
    <days>91</days>
    <shift>3x12 Nights</shift>
    <hours_per_week>36</hours_per_week>
    <salary>$2,057</salary>
    <start_date>2/8/2022</start_date>
    <city>SOUTH CHARLESTON</city>
    <state>WV</state>
    <country>US</country>
  </job>
  <job>
    <referencenumber>50460</referencenumber>
    <date>2021-09-01 14:02:00</date>
    <title>ST / Surg Tech  Surgical General in Neptune City, NJ</title>
    <description><![CDATA[<strong>Estimated payment breakdown
</strong>
<strong>$1,560</strong> per week in taxable pay and non-taxable stipends
<ul>
 	<li>Specialty: <strong>ST</strong></li>
 	<li>Start Date: <strong>1/30/2022</strong></li>
 	<li>Duration: <strong>14</strong></li>
 	<li><b>40 hours per week</b></li>
 	<li>Shift: <strong>4x10 Days</strong></li>
 	<li>Employment Type: <strong>Traveler</strong></li>
</ul>
<p>Ardor Health Solutions is looking for a Surgical General - Surg Genl to join our travel team in Neptune City, NJ! This is a full time travel contract position.</p>

<p>Requirements include, but are not limited to:</p>

<ul>
	<li>Active NJ 1056210C : J-OPER ROOM license</li>
	<li>2+ years of Surgical General - Surg Genl experience</li>
	<li>Ability to clear a drug screen/background check</li>
	<li>This position begins on 09/13/2021 and ends on 12/18/2021</li>
</ul>

<p><strong>Benefits include:</strong></p>

<ul>
	<li>Major Medical</li>
	<li>Dental/Vision Insurance</li>
	<li>Pet Insurance</li>
	<li>Life Insurance with extensive family health options</li>
	<li>License Reimbursements and processing assistance with our internal licensing department</li>
	<li>$500 referral bonus</li>
	<li>24-hour emergency access to our offices</li>
</ul>

<p><strong>About Ardor Health Solutions:</strong></p>

<p>Ardor Health Solutions is a fun, energetic, and passionate group of healthcare staffing professionals. We strive to bring you the highest quality positions that are perfect for your career. We are dedicated to finding you a travel position that not only provides superior compensation, but enriches your life.</p>

<p>Ardor Health Solutions is a Fortune Ranked, award-winning, expanding company that has also recently been ranked the <em>20th Largest Allied Staffing Firm in the Nation </em>by Staffing Industry Analysts (SIA) and by <em>Fortune`s Great Places to Work Survey</em>s several years in a row.</p>

<p>For more information or to be considered, please apply now.</p>

377326]]></description>
    <company>Ardor Health</company>
    <url>https://www.ardorhealth.com/job/surg-tech-surgical-general-in-neptune-city-nj-neptune-city-nj-4/</url>
    <jobtype>Traveler</jobtype>
    <profession>ST</profession>
    <specialty>ST</specialty>
    <sub_specialty>Surg Genl</sub_specialty>
    <days>98</days>
    <shift>4x10 Days</shift>
    <hours_per_week>40</hours_per_week>
    <salary>$1,560</salary>
    <start_date>1/30/2022</start_date>
    <city>Neptune City</city>
    <state>NJ</state>
    <country>US</country>
  </job>
  <job>
    <referencenumber>50464</referencenumber>
    <date>2021-09-01 14:01:00</date>
    <title>ST / Surg Tech  Surgical General in Neptune City, NJ</title>
    <description><![CDATA[<strong>Estimated payment breakdown
</strong>
<strong>$1,560</strong> per week in taxable pay and non-taxable stipends
<ul>
 	<li>Specialty: <strong>ST</strong></li>
 	<li>Start Date: <strong>1/30/2022</strong></li>
 	<li>Duration: <strong>14</strong></li>
 	<li><b>40 hours per week</b></li>
 	<li>Shift: <strong>4x10 Days</strong></li>
 	<li>Employment Type: <strong>Traveler</strong></li>
</ul>
<p>Ardor Health Solutions is looking for a Surgical General - Surg Genl to join our travel team in Neptune City, NJ! This is a full time travel contract position.</p>

<p>Requirements include, but are not limited to:</p>

<ul>
	<li>Active NJ 1056210C : J-OPER ROOM license</li>
	<li>2+ years of Surgical General - Surg Genl experience</li>
	<li>Ability to clear a drug screen/background check</li>
	<li>This position begins on 09/13/2021 and ends on 12/18/2021</li>
</ul>

<p><strong>Benefits include:</strong></p>

<ul>
	<li>Major Medical</li>
	<li>Dental/Vision Insurance</li>
	<li>Pet Insurance</li>
	<li>Life Insurance with extensive family health options</li>
	<li>License Reimbursements and processing assistance with our internal licensing department</li>
	<li>$500 referral bonus</li>
	<li>24-hour emergency access to our offices</li>
</ul>

<p><strong>About Ardor Health Solutions:</strong></p>

<p>Ardor Health Solutions is a fun, energetic, and passionate group of healthcare staffing professionals. We strive to bring you the highest quality positions that are perfect for your career. We are dedicated to finding you a travel position that not only provides superior compensation, but enriches your life.</p>

<p>Ardor Health Solutions is a Fortune Ranked, award-winning, expanding company that has also recently been ranked the <em>20th Largest Allied Staffing Firm in the Nation </em>by Staffing Industry Analysts (SIA) and by <em>Fortune`s Great Places to Work Survey</em>s several years in a row.</p>

<p>For more information or to be considered, please apply now.</p>

377307]]></description>
    <company>Ardor Health</company>
    <url>https://www.ardorhealth.com/job/surg-tech-surgical-general-in-neptune-city-nj-neptune-city-nj-5/</url>
    <jobtype>Traveler</jobtype>
    <profession>ST</profession>
    <specialty>ST</specialty>
    <sub_specialty>Surg Genl</sub_specialty>
    <days>98</days>
    <shift>4x10 Days</shift>
    <hours_per_week>40</hours_per_week>
    <salary>$1,560</salary>
    <start_date>1/30/2022</start_date>
    <city>Neptune City</city>
    <state>NJ</state>
    <country>US</country>
  </job>
  <job>
    <referencenumber>50467</referencenumber>
    <date>2021-09-01 13:59:00</date>
    <title>RN / Registered Nurse  Psychiatric in Lakewood, WA</title>
    <description><![CDATA[<strong>Estimated payment breakdown
</strong>
<strong>$1,806</strong> per week in taxable pay and non-taxable stipends
<ul>
 	<li>Specialty: <strong>RN</strong></li>
 	<li>Start Date: <strong>2/7/2022</strong></li>
 	<li>Duration: <strong>13</strong></li>
 	<li><b>36 hours per week</b></li>
 	<li>Shift: <strong>3x12 Nights</strong></li>
 	<li>Employment Type: <strong>Traveler</strong></li>
</ul>
<p>Ardor Health Solutions is looking for a Psychiatric - PSYCH to join our travel team in Lakewood, WA! This is a full time travel contract position.</p>

<p>Requirements include, but are not limited to:</p>

<ul>
	<li>Active WA RN license</li>
	<li>2+ years of Psychiatric - PSYCH experience</li>
	<li>Ability to clear a drug screen/background check</li>
	<li>This position begins on 09/20/2021 and ends on 12/20/2021</li>
</ul>

<p><strong>Benefits include:</strong></p>

<ul>
	<li>Major Medical</li>
	<li>Dental/Vision Insurance</li>
	<li>Pet Insurance</li>
	<li>Life Insurance with extensive family health options</li>
	<li>License Reimbursements and processing assistance with our internal licensing department</li>
	<li>$500 referral bonus</li>
	<li>24-hour emergency access to our offices</li>
</ul>

<p><strong>About Ardor Health Solutions:</strong></p>

<p>Ardor Health Solutions is a fun, energetic, and passionate group of healthcare staffing professionals. We strive to bring you the highest quality positions that are perfect for your career. We are dedicated to finding you a travel position that not only provides superior compensation, but enriches your life.</p>

<p>Ardor Health Solutions is a Fortune Ranked, award-winning, expanding company that has also recently been ranked the <em>20th Largest Allied Staffing Firm in the Nation </em>by Staffing Industry Analysts (SIA) and by <em>Fortune`s Great Places to Work Survey</em>s several years in a row.</p>

<p>For more information or to be considered, please apply now.</p>

377298]]></description>
    <company>Ardor Health</company>
    <url>https://www.ardorhealth.com/job/registered-nurse-psychiatric-in-lakewood-wa-lakewood-wa/</url>
    <jobtype>Traveler</jobtype>
    <profession>RN</profession>
    <specialty>RN</specialty>
    <sub_specialty>PSYCH</sub_specialty>
    <days>91</days>
    <shift>3x12 Nights</shift>
    <hours_per_week>36</hours_per_week>
    <salary>$1,806</salary>
    <start_date>2/7/2022</start_date>
    <city>Lakewood</city>
    <state>WA</state>
    <country>US</country>
  </job>
  <job>
    <referencenumber>50470</referencenumber>
    <date>2021-09-01 13:57:00</date>
    <title>RN / Registered Nurse  Psychiatric in Lakewood, WA</title>
    <description><![CDATA[<strong>Estimated payment breakdown
</strong>
<strong>$2,583</strong> per week in taxable pay and non-taxable stipends
<ul>
 	<li>Specialty: <strong>RN</strong></li>
 	<li>Start Date: <strong>2/7/2022</strong></li>
 	<li>Duration: <strong>13</strong></li>
 	<li><b>36 hours per week</b></li>
 	<li>Shift: <strong>3x12 Days</strong></li>
 	<li>Employment Type: <strong>Traveler</strong></li>
</ul>
<p>Ardor Health Solutions is looking for a Psychiatric - PSYCH to join our travel team in Lakewood, WA! This is a full time travel contract position.</p>

<p>Requirements include, but are not limited to:</p>

<ul>
	<li>Active WA RN license</li>
	<li>2+ years of Psychiatric - PSYCH experience</li>
	<li>Ability to clear a drug screen/background check</li>
	<li>This position begins on 09/20/2021 and ends on 12/20/2021</li>
</ul>

<p><strong>Benefits include:</strong></p>

<ul>
	<li>Major Medical</li>
	<li>Dental/Vision Insurance</li>
	<li>Pet Insurance</li>
	<li>Life Insurance with extensive family health options</li>
	<li>License Reimbursements and processing assistance with our internal licensing department</li>
	<li>$500 referral bonus</li>
	<li>24-hour emergency access to our offices</li>
</ul>

<p><strong>About Ardor Health Solutions:</strong></p>

<p>Ardor Health Solutions is a fun, energetic, and passionate group of healthcare staffing professionals. We strive to bring you the highest quality positions that are perfect for your career. We are dedicated to finding you a travel position that not only provides superior compensation, but enriches your life.</p>

<p>Ardor Health Solutions is a Fortune Ranked, award-winning, expanding company that has also recently been ranked the <em>20th Largest Allied Staffing Firm in the Nation </em>by Staffing Industry Analysts (SIA) and by <em>Fortune`s Great Places to Work Survey</em>s several years in a row.</p>

<p>For more information or to be considered, please apply now.</p>

377274]]></description>
    <company>Ardor Health</company>
    <url>https://www.ardorhealth.com/job/registered-nurse-psychiatric-in-lakewood-wa-lakewood-wa-2/</url>
    <jobtype>Traveler</jobtype>
    <profession>RN</profession>
    <specialty>RN</specialty>
    <sub_specialty>PSYCH</sub_specialty>
    <days>91</days>
    <shift>3x12 Days</shift>
    <hours_per_week>36</hours_per_week>
    <salary>$2,583</salary>
    <start_date>2/7/2022</start_date>
    <city>Lakewood</city>
    <state>WA</state>
    <country>US</country>
  </job>
  <job>
    <referencenumber>50479</referencenumber>
    <date>2021-09-01 13:52:00</date>
    <title>RN / Registered Nurse  Medical Surgical-General in Crow Agency, MT</title>
    <description><![CDATA[<strong>Estimated payment breakdown
</strong>
<strong>$1,984</strong> per week in taxable pay and non-taxable stipends
<ul>
 	<li>Specialty: <strong>RN</strong></li>
 	<li>Start Date: <strong>2/7/2022</strong></li>
 	<li>Duration: <strong>13</strong></li>
 	<li><b>36 hours per week</b></li>
 	<li>Shift: <strong>3x12 Nights</strong></li>
 	<li>Employment Type: <strong>Traveler</strong></li>
</ul>
<p>Ardor Health Solutions is looking for a Medical Surgical-General - M/S to join our travel team in Crow Agency, MT! This is a full time travel contract position.</p>

<p>Requirements include, but are not limited to:</p>

<ul>
	<li>Active MT RN license</li>
	<li>2+ years of Medical Surgical-General - M/S experience</li>
	<li>Ability to clear a drug screen/background check</li>
	<li>This position begins on 09/20/2021 and ends on 12/20/2021</li>
</ul>

<p><strong>Benefits include:</strong></p>

<ul>
	<li>Major Medical</li>
	<li>Dental/Vision Insurance</li>
	<li>Pet Insurance</li>
	<li>Life Insurance with extensive family health options</li>
	<li>License Reimbursements and processing assistance with our internal licensing department</li>
	<li>$500 referral bonus</li>
	<li>24-hour emergency access to our offices</li>
</ul>

<p><strong>About Ardor Health Solutions:</strong></p>

<p>Ardor Health Solutions is a fun, energetic, and passionate group of healthcare staffing professionals. We strive to bring you the highest quality positions that are perfect for your career. We are dedicated to finding you a travel position that not only provides superior compensation, but enriches your life.</p>

<p>Ardor Health Solutions is a Fortune Ranked, award-winning, expanding company that has also recently been ranked the <em>20th Largest Allied Staffing Firm in the Nation </em>by Staffing Industry Analysts (SIA) and by <em>Fortune`s Great Places to Work Survey</em>s several years in a row.</p>

<p>For more information or to be considered, please apply now.</p>

377244]]></description>
    <company>Ardor Health</company>
    <url>https://www.ardorhealth.com/job/registered-nurse-medical-surgical-general-in-crow-agency-mt-crow-agency-mt/</url>
    <jobtype>Traveler</jobtype>
    <profession>RN</profession>
    <specialty>RN</specialty>
    <sub_specialty>M/S</sub_specialty>
    <days>91</days>
    <shift>3x12 Nights</shift>
    <hours_per_week>36</hours_per_week>
    <salary>$1,984</salary>
    <start_date>2/7/2022</start_date>
    <city>Crow Agency</city>
    <state>MT</state>
    <country>US</country>
  </job>
  <job>
    <referencenumber>50480</referencenumber>
    <date>2021-09-01 13:52:00</date>
    <title>RN / Registered Nurse  Medical Surgical-General in Crow Agency, MT</title>
    <description><![CDATA[<strong>Estimated payment breakdown
</strong>
<strong>$1,984</strong> per week in taxable pay and non-taxable stipends
<ul>
 	<li>Specialty: <strong>RN</strong></li>
 	<li>Start Date: <strong>2/7/2022</strong></li>
 	<li>Duration: <strong>13</strong></li>
 	<li><b>36 hours per week</b></li>
 	<li>Shift: <strong>3x12 Days</strong></li>
 	<li>Employment Type: <strong>Traveler</strong></li>
</ul>
<p>Ardor Health Solutions is looking for a Medical Surgical-General - M/S to join our travel team in Crow Agency, MT! This is a full time travel contract position.</p>

<p>Requirements include, but are not limited to:</p>

<ul>
	<li>Active MT RN license</li>
	<li>2+ years of Medical Surgical-General - M/S experience</li>
	<li>Ability to clear a drug screen/background check</li>
	<li>This position begins on 09/20/2021 and ends on 12/20/2021</li>
</ul>

<p><strong>Benefits include:</strong></p>

<ul>
	<li>Major Medical</li>
	<li>Dental/Vision Insurance</li>
	<li>Pet Insurance</li>
	<li>Life Insurance with extensive family health options</li>
	<li>License Reimbursements and processing assistance with our internal licensing department</li>
	<li>$500 referral bonus</li>
	<li>24-hour emergency access to our offices</li>
</ul>

<p><strong>About Ardor Health Solutions:</strong></p>

<p>Ardor Health Solutions is a fun, energetic, and passionate group of healthcare staffing professionals. We strive to bring you the highest quality positions that are perfect for your career. We are dedicated to finding you a travel position that not only provides superior compensation, but enriches your life.</p>

<p>Ardor Health Solutions is a Fortune Ranked, award-winning, expanding company that has also recently been ranked the <em>20th Largest Allied Staffing Firm in the Nation </em>by Staffing Industry Analysts (SIA) and by <em>Fortune`s Great Places to Work Survey</em>s several years in a row.</p>

<p>For more information or to be considered, please apply now.</p>

377243]]></description>
    <company>Ardor Health</company>
    <url>https://www.ardorhealth.com/job/registered-nurse-medical-surgical-general-in-crow-agency-mt-crow-agency-mt-2/</url>
    <jobtype>Traveler</jobtype>
    <profession>RN</profession>
    <specialty>RN</specialty>
    <sub_specialty>M/S</sub_specialty>
    <days>91</days>
    <shift>3x12 Days</shift>
    <hours_per_week>36</hours_per_week>
    <salary>$1,984</salary>
    <start_date>2/7/2022</start_date>
    <city>Crow Agency</city>
    <state>MT</state>
    <country>US</country>
  </job>
  <job>
    <referencenumber>50481</referencenumber>
    <date>2021-09-01 13:51:00</date>
    <title>RN / Registered Nurse  Emergency Room in Crow Agency, MT</title>
    <description><![CDATA[<strong>Estimated payment breakdown
</strong>
<strong>$2,060</strong> per week in taxable pay and non-taxable stipends
<ul>
 	<li>Specialty: <strong>RN</strong></li>
 	<li>Start Date: <strong>2/7/2022</strong></li>
 	<li>Duration: <strong>13</strong></li>
 	<li><b>36 hours per week</b></li>
 	<li>Shift: <strong>3x12 Days</strong></li>
 	<li>Employment Type: <strong>Traveler</strong></li>
</ul>
<p>Ardor Health Solutions is looking for a Emergency Room - ER to join our travel team in Crow Agency, MT! This is a full time travel contract position.</p>

<p>Requirements include, but are not limited to:</p>

<ul>
	<li>Active MT RN license</li>
	<li>2+ years of Emergency Room - ER experience</li>
	<li>Ability to clear a drug screen/background check</li>
	<li>This position begins on 09/20/2021 and ends on 12/20/2021</li>
</ul>

<p><strong>Benefits include:</strong></p>

<ul>
	<li>Major Medical</li>
	<li>Dental/Vision Insurance</li>
	<li>Pet Insurance</li>
	<li>Life Insurance with extensive family health options</li>
	<li>License Reimbursements and processing assistance with our internal licensing department</li>
	<li>$500 referral bonus</li>
	<li>24-hour emergency access to our offices</li>
</ul>

<p><strong>About Ardor Health Solutions:</strong></p>

<p>Ardor Health Solutions is a fun, energetic, and passionate group of healthcare staffing professionals. We strive to bring you the highest quality positions that are perfect for your career. We are dedicated to finding you a travel position that not only provides superior compensation, but enriches your life.</p>

<p>Ardor Health Solutions is a Fortune Ranked, award-winning, expanding company that has also recently been ranked the <em>20th Largest Allied Staffing Firm in the Nation </em>by Staffing Industry Analysts (SIA) and by <em>Fortune`s Great Places to Work Survey</em>s several years in a row.</p>

<p>For more information or to be considered, please apply now.</p>

377236]]></description>
    <company>Ardor Health</company>
    <url>https://www.ardorhealth.com/job/registered-nurse-emergency-room-in-crow-agency-mt-crow-agency-mt/</url>
    <jobtype>Traveler</jobtype>
    <profession>RN</profession>
    <specialty>RN</specialty>
    <sub_specialty>ER</sub_specialty>
    <days>91</days>
    <shift>3x12 Days</shift>
    <hours_per_week>36</hours_per_week>
    <salary>$2,060</salary>
    <start_date>2/7/2022</start_date>
    <city>Crow Agency</city>
    <state>MT</state>
    <country>US</country>
  </job>
  <job>
    <referencenumber>50503</referencenumber>
    <date>2021-09-01 13:26:00</date>
    <title>RN / Registered Nurse  Clinical Decision Unit in SUMMIT, WI</title>
    <description><![CDATA[<strong>Estimated payment breakdown
</strong>
<strong>$2,118</strong> per week in taxable pay and non-taxable stipends
<ul>
 	<li>Specialty: <strong>RN</strong></li>
 	<li>Start Date: <strong>1/31/2022</strong></li>
 	<li>Duration: <strong>13</strong></li>
 	<li><b>40 hours per week</b></li>
 	<li>Shift: <strong>4x10 Days</strong></li>
 	<li>Employment Type: <strong>Traveler</strong></li>
</ul>
<p>Ardor Health Solutions is looking for a Clinical Decision Unit - CDU to join our travel team in SUMMIT, WI! This is a full time travel contract position.</p>

<p>Requirements include, but are not limited to:</p>

<ul>
	<li>Active WI RN license</li>
	<li>2+ years of Clinical Decision Unit - CDU experience</li>
	<li>Ability to clear a drug screen/background check</li>
	<li>This position begins on 09/27/2021 and ends on 12/27/2021</li>
</ul>

<p><strong>Benefits include:</strong></p>

<ul>
	<li>Major Medical</li>
	<li>Dental/Vision Insurance</li>
	<li>Pet Insurance</li>
	<li>Life Insurance with extensive family health options</li>
	<li>License Reimbursements and processing assistance with our internal licensing department</li>
	<li>$500 referral bonus</li>
	<li>24-hour emergency access to our offices</li>
</ul>

<p><strong>About Ardor Health Solutions:</strong></p>

<p>Ardor Health Solutions is a fun, energetic, and passionate group of healthcare staffing professionals. We strive to bring you the highest quality positions that are perfect for your career. We are dedicated to finding you a travel position that not only provides superior compensation, but enriches your life.</p>

<p>Ardor Health Solutions is a Fortune Ranked, award-winning, expanding company that has also recently been ranked the <em>20th Largest Allied Staffing Firm in the Nation </em>by Staffing Industry Analysts (SIA) and by <em>Fortune`s Great Places to Work Survey</em>s several years in a row.</p>

<p>For more information or to be considered, please apply now.</p>

377048]]></description>
    <company>Ardor Health</company>
    <url>https://www.ardorhealth.com/job/registered-nurse-clinical-decision-unit-in-summit-wi-summit-wi/</url>
    <jobtype>Traveler</jobtype>
    <profession>RN</profession>
    <specialty>RN</specialty>
    <sub_specialty>CDU</sub_specialty>
    <days>91</days>
    <shift>4x10 Days</shift>
    <hours_per_week>40</hours_per_week>
    <salary>$2,118</salary>
    <start_date>1/31/2022</start_date>
    <city>SUMMIT</city>
    <state>WI</state>
    <country>US</country>
  </job>
  <job>
    <referencenumber>55287</referencenumber>
    <date>2021-09-24 10:47:00</date>
    <title>Rad Tech / Radiology Tech  Radiology in Weston, WV</title>
    <description><![CDATA[<strong>Estimated payment breakdown
</strong>
<strong>$2,054</strong> per week in taxable pay and non-taxable stipends
<ul>
 	<li>Specialty: <strong>Rad Tech</strong></li>
 	<li>Start Date: <strong>2/7/2022</strong></li>
 	<li>Duration: <strong>13</strong></li>
 	<li><b>40 hours per week</b></li>
 	<li>Shift: <strong>4x10 Days</strong></li>
 	<li>Employment Type: <strong>Traveler</strong></li>
</ul>
<p>Ardor Health Solutions is looking for a Radiology - RAD to join our travel team in Weston, WV! This is a full time travel contract position.</p>

<p>Requirements include, but are not limited to:</p>

<ul>
	<li>Active WV Ultrasound Tech license</li>
	<li>2+ years of Radiology - RAD experience</li>
	<li>Ability to clear a drug screen/background check</li>
	<li>This position begins on 10/18/2021 and ends on 01/17/2022</li>
</ul>

<p><strong>Benefits include:</strong></p>

<ul>
	<li>Major Medical</li>
	<li>Dental/Vision Insurance</li>
	<li>Pet Insurance</li>
	<li>Life Insurance with extensive family health options</li>
	<li>License Reimbursements and processing assistance with our internal licensing department</li>
	<li>$500 referral bonus</li>
	<li>24-hour emergency access to our offices</li>
</ul>

<p><strong>About Ardor Health Solutions:</strong></p>

<p>Ardor Health Solutions is a fun, energetic, and passionate group of healthcare staffing professionals. We strive to bring you the highest quality positions that are perfect for your career. We are dedicated to finding you a travel position that not only provides superior compensation, but enriches your life.</p>

<p>Ardor Health Solutions is a Fortune Ranked, award-winning, expanding company that has also recently been ranked the <em>20th Largest Allied Staffing Firm in the Nation </em>by Staffing Industry Analysts (SIA) and by <em>Fortune`s Great Places to Work Survey</em>s several years in a row.</p>

<p>For more information or to be considered, please apply now.</p>

386681]]></description>
    <company>Ardor Health</company>
    <url>https://www.ardorhealth.com/job/radiology-tech-radiology-in-weston-wv-weston-wv/</url>
    <jobtype>Traveler</jobtype>
    <profession>Rad Tech</profession>
    <specialty>Rad Tech</specialty>
    <sub_specialty>RAD</sub_specialty>
    <days>91</days>
    <shift>4x10 Days</shift>
    <hours_per_week>40</hours_per_week>
    <salary>$2,054</salary>
    <start_date>2/7/2022</start_date>
    <city>Weston</city>
    <state>WV</state>
    <country>US</country>
  </job>
  <job>
    <referencenumber>55289</referencenumber>
    <date>2021-09-24 10:47:00</date>
    <title>RN / Registered Nurse  Dialysis in Monroe, WA</title>
    <description><![CDATA[<strong>Estimated payment breakdown
</strong>
<strong>$1,372</strong> per week in taxable pay and non-taxable stipends
<ul>
 	<li>Specialty: <strong>RN</strong></li>
 	<li>Start Date: <strong>1/30/2022</strong></li>
 	<li>Duration: <strong>13</strong></li>
 	<li><b>36 hours per week</b></li>
 	<li>Shift: <strong>3x12 Days</strong></li>
 	<li>Employment Type: <strong>Traveler</strong></li>
</ul>
<p>Ardor Health Solutions is looking for a Dialysis - DIALYSIS to join our travel team in Monroe, WA! This is a full time travel contract position.</p>

<p>Requirements include, but are not limited to:</p>

<ul>
	<li>Active WA RN license</li>
	<li>2+ years of Dialysis - DIALYSIS experience</li>
	<li>Ability to clear a drug screen/background check</li>
	<li>This position begins on 10/11/2021 and ends on 01/10/2022</li>
</ul>

<p><strong>Benefits include:</strong></p>

<ul>
	<li>Major Medical</li>
	<li>Dental/Vision Insurance</li>
	<li>Pet Insurance</li>
	<li>Life Insurance with extensive family health options</li>
	<li>License Reimbursements and processing assistance with our internal licensing department</li>
	<li>$500 referral bonus</li>
	<li>24-hour emergency access to our offices</li>
</ul>

<p><strong>About Ardor Health Solutions:</strong></p>

<p>Ardor Health Solutions is a fun, energetic, and passionate group of healthcare staffing professionals. We strive to bring you the highest quality positions that are perfect for your career. We are dedicated to finding you a travel position that not only provides superior compensation, but enriches your life.</p>

<p>Ardor Health Solutions is a Fortune Ranked, award-winning, expanding company that has also recently been ranked the <em>20th Largest Allied Staffing Firm in the Nation </em>by Staffing Industry Analysts (SIA) and by <em>Fortune`s Great Places to Work Survey</em>s several years in a row.</p>

<p>For more information or to be considered, please apply now.</p>

386677]]></description>
    <company>Ardor Health</company>
    <url>https://www.ardorhealth.com/job/registered-nurse-dialysis-in-monroe-wa-monroe-wa/</url>
    <jobtype>Traveler</jobtype>
    <profession>RN</profession>
    <specialty>RN</specialty>
    <sub_specialty>DIALYSIS</sub_specialty>
    <days>91</days>
    <shift>3x12 Days</shift>
    <hours_per_week>36</hours_per_week>
    <salary>$1,372</salary>
    <start_date>1/30/2022</start_date>
    <city>Monroe</city>
    <state>WA</state>
    <country>US</country>
  </job>
  <job>
    <referencenumber>55318</referencenumber>
    <date>2021-09-24 10:01:00</date>
    <title>PT / Physical Therapist  Rehabilitation in Westhampton, NY</title>
    <description><![CDATA[<strong>Estimated payment breakdown
</strong>
<strong>$1,575</strong> per week in taxable pay and non-taxable stipends
<ul>
 	<li>Specialty: <strong>PT</strong></li>
 	<li>Start Date: <strong>1/30/2022</strong></li>
 	<li>Duration: <strong>13</strong></li>
 	<li><b>40 hours per week</b></li>
 	<li>Shift: <strong>5x8 Days</strong></li>
 	<li>Employment Type: <strong>Traveler</strong></li>
</ul>
<p>Ardor Health Solutions is looking for a Rehabilitation - Rehab to join our travel team in New Rochelle, NY! This is a full time travel contract position.</p>

<p>Requirements include, but are not limited to:</p>

<ul>
	<li>Active NY 1040 license</li>
	<li>2+ years of Rehabilitation - Rehab experience</li>
	<li>Ability to clear a drug screen/background check</li>
	<li>This position begins on 10/04/2021 and ends on 01/01/2022</li>
</ul>

<p><strong>Benefits include:</strong></p>

<ul>
	<li>Major Medical</li>
	<li>Dental/Vision Insurance</li>
	<li>Pet Insurance</li>
	<li>Life Insurance with extensive family health options</li>
	<li>License Reimbursements and processing assistance with our internal licensing department</li>
	<li>$500 referral bonus</li>
	<li>24-hour emergency access to our offices</li>
</ul>

<p><strong>About Ardor Health Solutions:</strong></p>

<p>Ardor Health Solutions is a fun, energetic, and passionate group of healthcare staffing professionals. We strive to bring you the highest quality positions that are perfect for your career. We are dedicated to finding you a travel position that not only provides superior compensation, but enriches your life.</p>

<p>Ardor Health Solutions is a Fortune Ranked, award-winning, expanding company that has also recently been ranked the <em>20th Largest Allied Staffing Firm in the Nation </em>by Staffing Industry Analysts (SIA) and by <em>Fortune`s Great Places to Work Survey</em>s several years in a row.</p>

<p>For more information or to be considered, please apply now.</p>

386461]]></description>
    <company>Ardor Health</company>
    <url>https://www.ardorhealth.com/job/physical-therapist-rehabilitation-in-westhampton-ny-westhampton-ny/</url>
    <jobtype>Traveler</jobtype>
    <profession>PT</profession>
    <specialty>PT</specialty>
    <sub_specialty>Rehab</sub_specialty>
    <days>91</days>
    <shift>5x8 Days</shift>
    <hours_per_week>40</hours_per_week>
    <salary>$1,575</salary>
    <start_date>1/30/2022</start_date>
    <city>Westhampton</city>
    <state>NY</state>
    <country>US</country>
  </job>
  <job>
    <referencenumber>55337</referencenumber>
    <date>2021-09-24 09:54:00</date>
    <title>RN / Registered Nurse  Other in SAN ANTONIO, TX</title>
    <description><![CDATA[<strong>Estimated payment breakdown
</strong>
<strong>$2,858</strong> per week in taxable pay and non-taxable stipends
<ul>
 	<li>Specialty: <strong>RN</strong></li>
 	<li>Start Date: <strong>2/7/2022</strong></li>
 	<li>Duration: <strong>13</strong></li>
 	<li><b>36 hours per week</b></li>
 	<li>Shift: <strong>3x12 Nights</strong></li>
 	<li>Employment Type: <strong>Traveler</strong></li>
</ul>
<p>Ardor Health Solutions is looking for a Other - Other to join our travel team in SAN ANTONIO, TX! This is a full time travel contract position.</p>

<p>Requirements include, but are not limited to:</p>

<ul>
	<li>Active TX RN license</li>
	<li>2+ years of Other - Other experience</li>
	<li>Ability to clear a drug screen/background check</li>
	<li>This position begins on 10/11/2021 and ends on 01/10/2022</li>
</ul>

<p><strong>Benefits include:</strong></p>

<ul>
	<li>Major Medical</li>
	<li>Dental/Vision Insurance</li>
	<li>Pet Insurance</li>
	<li>Life Insurance with extensive family health options</li>
	<li>License Reimbursements and processing assistance with our internal licensing department</li>
	<li>$500 referral bonus</li>
	<li>24-hour emergency access to our offices</li>
</ul>

<p><strong>About Ardor Health Solutions:</strong></p>

<p>Ardor Health Solutions is a fun, energetic, and passionate group of healthcare staffing professionals. We strive to bring you the highest quality positions that are perfect for your career. We are dedicated to finding you a travel position that not only provides superior compensation, but enriches your life.</p>

<p>Ardor Health Solutions is a Fortune Ranked, award-winning, expanding company that has also recently been ranked the <em>20th Largest Allied Staffing Firm in the Nation </em>by Staffing Industry Analysts (SIA) and by <em>Fortune`s Great Places to Work Survey</em>s several years in a row.</p>

<p>For more information or to be considered, please apply now.</p>

386416]]></description>
    <company>Ardor Health</company>
    <url>https://www.ardorhealth.com/job/registered-nurse-other-in-san-antonio-tx-san-antonio-tx/</url>
    <jobtype>Traveler</jobtype>
    <profession>RN</profession>
    <specialty>RN</specialty>
    <sub_specialty>Other</sub_specialty>
    <days>91</days>
    <shift>3x12 Nights</shift>
    <hours_per_week>36</hours_per_week>
    <salary>$2,858</salary>
    <start_date>2/7/2022</start_date>
    <city>SAN ANTONIO</city>
    <state>TX</state>
    <country>US</country>
  </job>
  <job>
    <referencenumber>62350</referencenumber>
    <date>2021-09-02 10:32:00</date>
    <title>RN / Registered Nurse  Telemetry in Bangor, ME</title>
    <description><![CDATA[<strong>Estimated payment breakdown
</strong>
<strong>$3,583</strong> per week in taxable pay and non-taxable stipends
<ul>
 	<li>Specialty: <strong>RN</strong></li>
 	<li>Start Date: <strong>2/7/2022</strong></li>
 	<li>Duration: <strong>26</strong></li>
 	<li><b>36 hours per week</b></li>
 	<li>Shift: <strong>3x12 Days</strong></li>
 	<li>Employment Type: <strong>Traveler</strong></li>
</ul>
<p>Ardor Health Solutions is looking for a Telemetry - TELE to join our travel team in Bangor, ME! This is a full time travel contract position.</p>

<p>Requirements include, but are not limited to:</p>

<ul>
	<li>Active ME RN license</li>
	<li>2+ years of Telemetry - TELE experience</li>
	<li>Ability to clear a drug screen/background check</li>
	<li>This position begins on 10/03/2021 and ends on 04/02/2022</li>
</ul>

<p><strong>Benefits include:</strong></p>

<ul>
	<li>Major Medical</li>
	<li>Dental/Vision Insurance</li>
	<li>Pet Insurance</li>
	<li>Life Insurance with extensive family health options</li>
	<li>License Reimbursements and processing assistance with our internal licensing department</li>
	<li>$500 referral bonus</li>
	<li>24-hour emergency access to our offices</li>
</ul>

<p><strong>About Ardor Health Solutions:</strong></p>

<p>Ardor Health Solutions is a fun, energetic, and passionate group of healthcare staffing professionals. We strive to bring you the highest quality positions that are perfect for your career. We are dedicated to finding you a travel position that not only provides superior compensation, but enriches your life.</p>

<p>Ardor Health Solutions is a Fortune Ranked, award-winning, expanding company that has also recently been ranked the <em>20th Largest Allied Staffing Firm in the Nation </em>by Staffing Industry Analysts (SIA) and by <em>Fortune`s Great Places to Work Survey</em>s several years in a row.</p>

<p>For more information or to be considered, please apply now.</p>

377886]]></description>
    <company>Ardor Health</company>
    <url>https://www.ardorhealth.com/job/registered-nurse-telemetry-in-bangor-me-bangor-me-10/</url>
    <jobtype>Traveler</jobtype>
    <profession>RN</profession>
    <specialty>RN</specialty>
    <sub_specialty>TELE</sub_specialty>
    <days>182</days>
    <shift>3x12 Days</shift>
    <hours_per_week>36</hours_per_week>
    <salary>$3,583</salary>
    <start_date>2/7/2022</start_date>
    <city>Bangor</city>
    <state>ME</state>
    <country>US</country>
  </job>
  <job>
    <referencenumber>62351</referencenumber>
    <date>2021-09-02 10:28:00</date>
    <title>RN / Registered Nurse  Cardiac Telemetry in Jackson, TN</title>
    <description><![CDATA[<strong>Estimated payment breakdown
</strong>
<strong>$1,646</strong> per week in taxable pay and non-taxable stipends
<ul>
 	<li>Specialty: <strong>RN</strong></li>
 	<li>Start Date: <strong>1/31/2022</strong></li>
 	<li>Duration: <strong>13</strong></li>
 	<li><b>36 hours per week</b></li>
 	<li>Shift: <strong>3x12 Nights</strong></li>
 	<li>Employment Type: <strong>Traveler</strong></li>
</ul>
<p>Ardor Health Solutions is looking for a Cardiac Telemetry - Cardiac Tele to join our travel team in Jackson, TN! This is a full time travel contract position.</p>

<p>Requirements include, but are not limited to:</p>

<ul>
	<li>Active TN RN license</li>
	<li>2+ years of Cardiac Telemetry - Cardiac Tele experience</li>
	<li>Ability to clear a drug screen/background check</li>
	<li>This position begins on 09/20/2021 and ends on 12/18/2021</li>
</ul>

<p><strong>Benefits include:</strong></p>

<ul>
	<li>Major Medical</li>
	<li>Dental/Vision Insurance</li>
	<li>Pet Insurance</li>
	<li>Life Insurance with extensive family health options</li>
	<li>License Reimbursements and processing assistance with our internal licensing department</li>
	<li>$500 referral bonus</li>
	<li>24-hour emergency access to our offices</li>
</ul>

<p><strong>About Ardor Health Solutions:</strong></p>

<p>Ardor Health Solutions is a fun, energetic, and passionate group of healthcare staffing professionals. We strive to bring you the highest quality positions that are perfect for your career. We are dedicated to finding you a travel position that not only provides superior compensation, but enriches your life.</p>

<p>Ardor Health Solutions is a Fortune Ranked, award-winning, expanding company that has also recently been ranked the <em>20th Largest Allied Staffing Firm in the Nation </em>by Staffing Industry Analysts (SIA) and by <em>Fortune`s Great Places to Work Survey</em>s several years in a row.</p>

<p>For more information or to be considered, please apply now.</p>

377870]]></description>
    <company>Ardor Health</company>
    <url>https://www.ardorhealth.com/job/registered-nurse-cardiac-telemetry-in-jackson-tn-jackson-tn-13/</url>
    <jobtype>Traveler</jobtype>
    <profession>RN</profession>
    <specialty>RN</specialty>
    <sub_specialty>Cardiac Tele</sub_specialty>
    <days>91</days>
    <shift>3x12 Nights</shift>
    <hours_per_week>36</hours_per_week>
    <salary>$1,646</salary>
    <start_date>1/31/2022</start_date>
    <city>Jackson</city>
    <state>TN</state>
    <country>US</country>
  </job>
  <job>
    <referencenumber>63924</referencenumber>
    <date>2021-09-27 10:36:00</date>
    <title>RN / Registered Nurse  Medical Surgical-General in NEW ORLEANS, LA</title>
    <description><![CDATA[<strong>Estimated payment breakdown
</strong>
<strong>$2,286</strong> per week in taxable pay and non-taxable stipends
<ul>
 	<li>Specialty: <strong>RN</strong></li>
 	<li>Start Date: <strong>2/14/2022</strong></li>
 	<li>Duration: <strong>14</strong></li>
 	<li><b>36 hours per week</b></li>
 	<li>Shift: <strong>3x12 Days</strong></li>
 	<li>Employment Type: <strong>Traveler</strong></li>
</ul>
<p>Ardor Health Solutions is looking for a Progressive Care Unit - PCU to join our travel team in NEW ORLEANS, LA! This is a full time travel contract position.</p>

<p>Requirements include, but are not limited to:</p>

<ul>
	<li>Active LA RN license</li>
	<li>2+ years of Progressive Care Unit - PCU experience</li>
	<li>Ability to clear a drug screen/background check</li>
	<li>This position begins on 10/11/2021 and ends on 01/15/2022</li>
</ul>

<p><strong>Benefits include:</strong></p>

<ul>
	<li>Major Medical</li>
	<li>Dental/Vision Insurance</li>
	<li>Pet Insurance</li>
	<li>Life Insurance with extensive family health options</li>
	<li>License Reimbursements and processing assistance with our internal licensing department</li>
	<li>$500 referral bonus</li>
	<li>24-hour emergency access to our offices</li>
</ul>

<p><strong>About Ardor Health Solutions:</strong></p>

<p>Ardor Health Solutions is a fun, energetic, and passionate group of healthcare staffing professionals. We strive to bring you the highest quality positions that are perfect for your career. We are dedicated to finding you a travel position that not only provides superior compensation, but enriches your life.</p>

<p>Ardor Health Solutions is a Fortune Ranked, award-winning, expanding company that has also recently been ranked the <em>20th Largest Allied Staffing Firm in the Nation </em>by Staffing Industry Analysts (SIA) and by <em>Fortune`s Great Places to Work Survey</em>s several years in a row.</p>

<p>For more information or to be considered, please apply now.</p>

386957]]></description>
    <company>Ardor Health</company>
    <url>https://www.ardorhealth.com/job/registered-nurse-medical-surgical-general-in-new-orleans-la-new-orleans-la-22/</url>
    <jobtype>Traveler</jobtype>
    <profession>RN</profession>
    <specialty>RN</specialty>
    <sub_specialty>M/S</sub_specialty>
    <days>98</days>
    <shift>3x12 Days</shift>
    <hours_per_week>36</hours_per_week>
    <salary>$2,286</salary>
    <start_date>2/14/2022</start_date>
    <city>NEW ORLEANS</city>
    <state>LA</state>
    <country>US</country>
  </job>
  <job>
    <referencenumber>63926</referencenumber>
    <date>2021-09-27 10:34:00</date>
    <title>ST / Surg Tech  Surgical General in Sioux City, IA</title>
    <description><![CDATA[<strong>Estimated payment breakdown
</strong>
<strong>$1,685</strong> per week in taxable pay and non-taxable stipends
<ul>
 	<li>Specialty: <strong>ST</strong></li>
 	<li>Start Date: <strong>1/30/2022</strong></li>
 	<li>Duration: <strong>13</strong></li>
 	<li><b>36 hours per week</b></li>
 	<li>Shift: <strong>Unknown</strong></li>
 	<li>Employment Type: <strong>Traveler</strong></li>
</ul>
<p>Ardor Health Solutions is looking for a Surgical General - Surg Genl to join our travel team in Sioux City, IA! This is a full time travel contract position.</p>

<p>Requirements include, but are not limited to:</p>

<ul>
	<li>Active IA Surgical Technologist-Operating Room license</li>
	<li>2+ years of Surgical General - Surg Genl experience</li>
	<li>Ability to clear a drug screen/background check</li>
	<li>This position begins on 10/10/2021 and ends on 01/08/2022</li>
</ul>

<p><strong>Benefits include:</strong></p>

<ul>
	<li>Major Medical</li>
	<li>Dental/Vision Insurance</li>
	<li>Pet Insurance</li>
	<li>Life Insurance with extensive family health options</li>
	<li>License Reimbursements and processing assistance with our internal licensing department</li>
	<li>$500 referral bonus</li>
	<li>24-hour emergency access to our offices</li>
</ul>

<p><strong>About Ardor Health Solutions:</strong></p>

<p>Ardor Health Solutions is a fun, energetic, and passionate group of healthcare staffing professionals. We strive to bring you the highest quality positions that are perfect for your career. We are dedicated to finding you a travel position that not only provides superior compensation, but enriches your life.</p>

<p>Ardor Health Solutions is a Fortune Ranked, award-winning, expanding company that has also recently been ranked the <em>20th Largest Allied Staffing Firm in the Nation </em>by Staffing Industry Analysts (SIA) and by <em>Fortune`s Great Places to Work Survey</em>s several years in a row.</p>

<p>For more information or to be considered, please apply now.</p>

386943]]></description>
    <company>Ardor Health</company>
    <url>https://www.ardorhealth.com/job/surg-tech-surgical-general-in-sioux-city-ia-sioux-city-ia/</url>
    <jobtype>Traveler</jobtype>
    <profession>ST</profession>
    <specialty>ST</specialty>
    <sub_specialty>Surg Genl</sub_specialty>
    <days>91</days>
    <shift>Unknown</shift>
    <hours_per_week>36</hours_per_week>
    <salary>$1,685</salary>
    <start_date>1/30/2022</start_date>
    <city>Sioux City</city>
    <state>IA</state>
    <country>US</country>
  </job>
  <job>
    <referencenumber>63927</referencenumber>
    <date>2021-09-27 10:34:00</date>
    <title>ST / Surg Tech  Surgical General in Sioux City, IA</title>
    <description><![CDATA[<strong>Estimated payment breakdown
</strong>
<strong>$1,685</strong> per week in taxable pay and non-taxable stipends
<ul>
 	<li>Specialty: <strong>ST</strong></li>
 	<li>Start Date: <strong>1/30/2022</strong></li>
 	<li>Duration: <strong>13</strong></li>
 	<li><b>36 hours per week</b></li>
 	<li>Shift: <strong>Unknown</strong></li>
 	<li>Employment Type: <strong>Traveler</strong></li>
</ul>
<p>Ardor Health Solutions is looking for a Surgical General - Surg Genl to join our travel team in Sioux City, IA! This is a full time travel contract position.</p>

<p>Requirements include, but are not limited to:</p>

<ul>
	<li>Active IA Surgical Technologist-Operating Room license</li>
	<li>2+ years of Surgical General - Surg Genl experience</li>
	<li>Ability to clear a drug screen/background check</li>
	<li>This position begins on 10/10/2021 and ends on 01/08/2022</li>
</ul>

<p><strong>Benefits include:</strong></p>

<ul>
	<li>Major Medical</li>
	<li>Dental/Vision Insurance</li>
	<li>Pet Insurance</li>
	<li>Life Insurance with extensive family health options</li>
	<li>License Reimbursements and processing assistance with our internal licensing department</li>
	<li>$500 referral bonus</li>
	<li>24-hour emergency access to our offices</li>
</ul>

<p><strong>About Ardor Health Solutions:</strong></p>

<p>Ardor Health Solutions is a fun, energetic, and passionate group of healthcare staffing professionals. We strive to bring you the highest quality positions that are perfect for your career. We are dedicated to finding you a travel position that not only provides superior compensation, but enriches your life.</p>

<p>Ardor Health Solutions is a Fortune Ranked, award-winning, expanding company that has also recently been ranked the <em>20th Largest Allied Staffing Firm in the Nation </em>by Staffing Industry Analysts (SIA) and by <em>Fortune`s Great Places to Work Survey</em>s several years in a row.</p>

<p>For more information or to be considered, please apply now.</p>

386942]]></description>
    <company>Ardor Health</company>
    <url>https://www.ardorhealth.com/job/surg-tech-surgical-general-in-sioux-city-ia-sioux-city-ia-2/</url>
    <jobtype>Traveler</jobtype>
    <profession>ST</profession>
    <specialty>ST</specialty>
    <sub_specialty>Surg Genl</sub_specialty>
    <days>91</days>
    <shift>Unknown</shift>
    <hours_per_week>36</hours_per_week>
    <salary>$1,685</salary>
    <start_date>1/30/2022</start_date>
    <city>Sioux City</city>
    <state>IA</state>
    <country>US</country>
  </job>
  <job>
    <referencenumber>63928</referencenumber>
    <date>2021-09-27 10:33:00</date>
    <title>SLP / Speech Language Pathologist  Long Term Care/Skilled Nursing Facility in Sistersville, WV</title>
    <description><![CDATA[<strong>Estimated payment breakdown
</strong>
<strong>$1,981</strong> per week in taxable pay and non-taxable stipends
<ul>
 	<li>Specialty: <strong>SLP</strong></li>
 	<li>Start Date: <strong>1/31/2022</strong></li>
 	<li>Duration: <strong>13</strong></li>
 	<li><b>40 hours per week</b></li>
 	<li>Shift: <strong>5x8 Days</strong></li>
 	<li>Employment Type: <strong>Traveler</strong></li>
</ul>
<p>Ardor Health Solutions is looking for a Long Term Care/Skilled Nursing Facility - LTC/SNF to join our travel team in Sistersville, WV! This is a full time travel contract position.</p>

<p>Requirements include, but are not limited to:</p>

<ul>
	<li>Active WV Sistersville Center  -R03A20 license</li>
	<li>2+ years of Long Term Care/Skilled Nursing Facility - LTC/SNF experience</li>
	<li>Ability to clear a drug screen/background check</li>
	<li>This position begins on 10/04/2021 and ends on 01/01/2022</li>
</ul>

<p><strong>Benefits include:</strong></p>

<ul>
	<li>Major Medical</li>
	<li>Dental/Vision Insurance</li>
	<li>Pet Insurance</li>
	<li>Life Insurance with extensive family health options</li>
	<li>License Reimbursements and processing assistance with our internal licensing department</li>
	<li>$500 referral bonus</li>
	<li>24-hour emergency access to our offices</li>
</ul>

<p><strong>About Ardor Health Solutions:</strong></p>

<p>Ardor Health Solutions is a fun, energetic, and passionate group of healthcare staffing professionals. We strive to bring you the highest quality positions that are perfect for your career. We are dedicated to finding you a travel position that not only provides superior compensation, but enriches your life.</p>

<p>Ardor Health Solutions is a Fortune Ranked, award-winning, expanding company that has also recently been ranked the <em>20th Largest Allied Staffing Firm in the Nation </em>by Staffing Industry Analysts (SIA) and by <em>Fortune`s Great Places to Work Survey</em>s several years in a row.</p>

<p>For more information or to be considered, please apply now.</p>

386935]]></description>
    <company>Ardor Health</company>
    <url>https://www.ardorhealth.com/job/speech-language-pathologist-long-term-care-skilled-nursing-facility-in-sistersville-wv-sistersville-wv/</url>
    <jobtype>Traveler</jobtype>
    <profession>SLP</profession>
    <specialty>SLP</specialty>
    <sub_specialty>LTC/SNF</sub_specialty>
    <days>91</days>
    <shift>5x8 Days</shift>
    <hours_per_week>40</hours_per_week>
    <salary>$1,981</salary>
    <start_date>1/31/2022</start_date>
    <city>Sistersville</city>
    <state>WV</state>
    <country>US</country>
  </job>
  <job>
    <referencenumber>63930</referencenumber>
    <date>2021-09-27 10:30:00</date>
    <title>PT / Physical Therapist  Rehabilitation in Waukon, IA</title>
    <description><![CDATA[<strong>Estimated payment breakdown
</strong>
<strong>$2,172</strong> per week in taxable pay and non-taxable stipends
<ul>
 	<li>Specialty: <strong>PT</strong></li>
 	<li>Start Date: <strong>1/31/2022</strong></li>
 	<li>Duration: <strong>13</strong></li>
 	<li><b>40 hours per week</b></li>
 	<li>Shift: <strong>5x8 Days</strong></li>
 	<li>Employment Type: <strong>Traveler</strong></li>
</ul>
<p>Ardor Health Solutions is looking for a Rehabilitation - Rehab to join our travel team in Waukon, IA! This is a full time travel contract position.</p>

<p>Requirements include, but are not limited to:</p>

<ul>
	<li>Active IA Therapy   Physical Therapy license</li>
	<li>2+ years of Rehabilitation - Rehab experience</li>
	<li>Ability to clear a drug screen/background check</li>
	<li>This position begins on 10/25/2021 and ends on 01/24/2022</li>
</ul>

<p><strong>Benefits include:</strong></p>

<ul>
	<li>Major Medical</li>
	<li>Dental/Vision Insurance</li>
	<li>Pet Insurance</li>
	<li>Life Insurance with extensive family health options</li>
	<li>License Reimbursements and processing assistance with our internal licensing department</li>
	<li>$500 referral bonus</li>
	<li>24-hour emergency access to our offices</li>
</ul>

<p><strong>About Ardor Health Solutions:</strong></p>

<p>Ardor Health Solutions is a fun, energetic, and passionate group of healthcare staffing professionals. We strive to bring you the highest quality positions that are perfect for your career. We are dedicated to finding you a travel position that not only provides superior compensation, but enriches your life.</p>

<p>Ardor Health Solutions is a Fortune Ranked, award-winning, expanding company that has also recently been ranked the <em>20th Largest Allied Staffing Firm in the Nation </em>by Staffing Industry Analysts (SIA) and by <em>Fortune`s Great Places to Work Survey</em>s several years in a row.</p>

<p>For more information or to be considered, please apply now.</p>

386925]]></description>
    <company>Ardor Health</company>
    <url>https://www.ardorhealth.com/job/physical-therapist-rehabilitation-in-waukon-ia-waukon-ia/</url>
    <jobtype>Traveler</jobtype>
    <profession>PT</profession>
    <specialty>PT</specialty>
    <sub_specialty>Rehab</sub_specialty>
    <days>91</days>
    <shift>5x8 Days</shift>
    <hours_per_week>40</hours_per_week>
    <salary>$2,172</salary>
    <start_date>1/31/2022</start_date>
    <city>Waukon</city>
    <state>IA</state>
    <country>US</country>
  </job>
  <job>
    <referencenumber>63933</referencenumber>
    <date>2021-09-27 10:27:00</date>
    <title>RN / Registered Nurse  Medical Surgical-General in COBLESKILL, NY</title>
    <description><![CDATA[<strong>Estimated payment breakdown
</strong>
<strong>$2,400</strong> per week in taxable pay and non-taxable stipends
<ul>
 	<li>Specialty: <strong>RN</strong></li>
 	<li>Start Date: <strong>2/7/2022</strong></li>
 	<li>Duration: <strong>13</strong></li>
 	<li><b>36 hours per week</b></li>
 	<li>Shift: <strong>3x12 Nights</strong></li>
 	<li>Employment Type: <strong>Traveler</strong></li>
</ul>
<p>Ardor Health Solutions is looking for a Medical Surgical-General - M/S to join our travel team in COBLESKILL, NY! This is a full time travel contract position.</p>

<p>Requirements include, but are not limited to:</p>

<ul>
	<li>Active NY RN license</li>
	<li>2+ years of Medical Surgical-General - M/S experience</li>
	<li>Ability to clear a drug screen/background check</li>
	<li>This position begins on 10/11/2021 and ends on 01/08/2022</li>
</ul>

<p><strong>Benefits include:</strong></p>

<ul>
	<li>Major Medical</li>
	<li>Dental/Vision Insurance</li>
	<li>Pet Insurance</li>
	<li>Life Insurance with extensive family health options</li>
	<li>License Reimbursements and processing assistance with our internal licensing department</li>
	<li>$500 referral bonus</li>
	<li>24-hour emergency access to our offices</li>
</ul>

<p><strong>About Ardor Health Solutions:</strong></p>

<p>Ardor Health Solutions is a fun, energetic, and passionate group of healthcare staffing professionals. We strive to bring you the highest quality positions that are perfect for your career. We are dedicated to finding you a travel position that not only provides superior compensation, but enriches your life.</p>

<p>Ardor Health Solutions is a Fortune Ranked, award-winning, expanding company that has also recently been ranked the <em>20th Largest Allied Staffing Firm in the Nation </em>by Staffing Industry Analysts (SIA) and by <em>Fortune`s Great Places to Work Survey</em>s several years in a row.</p>

<p>For more information or to be considered, please apply now.</p>

386901]]></description>
    <company>Ardor Health</company>
    <url>https://www.ardorhealth.com/job/registered-nurse-medical-surgical-general-in-cobleskill-ny-cobleskill-ny/</url>
    <jobtype>Traveler</jobtype>
    <profession>RN</profession>
    <specialty>RN</specialty>
    <sub_specialty>M/S</sub_specialty>
    <days>91</days>
    <shift>3x12 Nights</shift>
    <hours_per_week>36</hours_per_week>
    <salary>$2,400</salary>
    <start_date>2/7/2022</start_date>
    <city>COBLESKILL</city>
    <state>NY</state>
    <country>US</country>
  </job>
  <job>
    <referencenumber>63940</referencenumber>
    <date>2021-09-27 10:24:00</date>
    <title>RN / Registered Nurse  Infusions in Portland, OR</title>
    <description><![CDATA[<strong>Estimated payment breakdown
</strong>
<strong>$2,032</strong> per week in taxable pay and non-taxable stipends
<ul>
 	<li>Specialty: <strong>RN</strong></li>
 	<li>Start Date: <strong>1/30/2022</strong></li>
 	<li>Duration: <strong>15</strong></li>
 	<li><b>40 hours per week</b></li>
 	<li>Shift: <strong>4x10 Rotating</strong></li>
 	<li>Employment Type: <strong>Traveler</strong></li>
</ul>
<p>Ardor Health Solutions is looking for a Infusions - Infusions to join our travel team in Portland, OR! This is a full time travel contract position.</p>

<p>Requirements include, but are not limited to:</p>

<ul>
	<li>Active OR RN license</li>
	<li>2+ years of Infusions - Infusions experience</li>
	<li>Ability to clear a drug screen/background check</li>
	<li>This position begins on 10/18/2021 and ends on 01/31/2022</li>
</ul>

<p><strong>Benefits include:</strong></p>

<ul>
	<li>Major Medical</li>
	<li>Dental/Vision Insurance</li>
	<li>Pet Insurance</li>
	<li>Life Insurance with extensive family health options</li>
	<li>License Reimbursements and processing assistance with our internal licensing department</li>
	<li>$500 referral bonus</li>
	<li>24-hour emergency access to our offices</li>
</ul>

<p><strong>About Ardor Health Solutions:</strong></p>

<p>Ardor Health Solutions is a fun, energetic, and passionate group of healthcare staffing professionals. We strive to bring you the highest quality positions that are perfect for your career. We are dedicated to finding you a travel position that not only provides superior compensation, but enriches your life.</p>

<p>Ardor Health Solutions is a Fortune Ranked, award-winning, expanding company that has also recently been ranked the <em>20th Largest Allied Staffing Firm in the Nation </em>by Staffing Industry Analysts (SIA) and by <em>Fortune`s Great Places to Work Survey</em>s several years in a row.</p>

<p>For more information or to be considered, please apply now.</p>

386864]]></description>
    <company>Ardor Health</company>
    <url>https://www.ardorhealth.com/job/registered-nurse-infusions-in-portland-or-portland-or/</url>
    <jobtype>Traveler</jobtype>
    <profession>RN</profession>
    <specialty>RN</specialty>
    <sub_specialty>Infusions</sub_specialty>
    <days>105</days>
    <shift>4x10 Rotating</shift>
    <hours_per_week>40</hours_per_week>
    <salary>$2,032</salary>
    <start_date>1/30/2022</start_date>
    <city>Portland</city>
    <state>OR</state>
    <country>US</country>
  </job>
  <job>
    <referencenumber>63941</referencenumber>
    <date>2021-09-27 10:23:00</date>
    <title>RN / Registered Nurse  Medical Surgical-General in LITTLE FALLS, NY</title>
    <description><![CDATA[<strong>Estimated payment breakdown
</strong>
<strong>$2,012</strong> per week in taxable pay and non-taxable stipends
<ul>
 	<li>Specialty: <strong>RN</strong></li>
 	<li>Start Date: <strong>2/7/2022</strong></li>
 	<li>Duration: <strong>13</strong></li>
 	<li><b>36 hours per week</b></li>
 	<li>Shift: <strong>3x12 Nights</strong></li>
 	<li>Employment Type: <strong>Traveler</strong></li>
</ul>
<p>Ardor Health Solutions is looking for a Medical Surgical-General - M/S to join our travel team in LITTLE FALLS, NY! This is a full time travel contract position.</p>

<p>Requirements include, but are not limited to:</p>

<ul>
	<li>Active NY RN license</li>
	<li>2+ years of Medical Surgical-General - M/S experience</li>
	<li>Ability to clear a drug screen/background check</li>
	<li>This position begins on 10/11/2021 and ends on 01/10/2022</li>
</ul>

<p><strong>Benefits include:</strong></p>

<ul>
	<li>Major Medical</li>
	<li>Dental/Vision Insurance</li>
	<li>Pet Insurance</li>
	<li>Life Insurance with extensive family health options</li>
	<li>License Reimbursements and processing assistance with our internal licensing department</li>
	<li>$500 referral bonus</li>
	<li>24-hour emergency access to our offices</li>
</ul>

<p><strong>About Ardor Health Solutions:</strong></p>

<p>Ardor Health Solutions is a fun, energetic, and passionate group of healthcare staffing professionals. We strive to bring you the highest quality positions that are perfect for your career. We are dedicated to finding you a travel position that not only provides superior compensation, but enriches your life.</p>

<p>Ardor Health Solutions is a Fortune Ranked, award-winning, expanding company that has also recently been ranked the <em>20th Largest Allied Staffing Firm in the Nation </em>by Staffing Industry Analysts (SIA) and by <em>Fortune`s Great Places to Work Survey</em>s several years in a row.</p>

<p>For more information or to be considered, please apply now.</p>

386858]]></description>
    <company>Ardor Health</company>
    <url>https://www.ardorhealth.com/job/registered-nurse-medical-surgical-general-in-little-falls-ny-little-falls-ny/</url>
    <jobtype>Traveler</jobtype>
    <profession>RN</profession>
    <specialty>RN</specialty>
    <sub_specialty>M/S</sub_specialty>
    <days>91</days>
    <shift>3x12 Nights</shift>
    <hours_per_week>36</hours_per_week>
    <salary>$2,012</salary>
    <start_date>2/7/2022</start_date>
    <city>LITTLE FALLS</city>
    <state>NY</state>
    <country>US</country>
  </job>
  <job>
    <referencenumber>63942</referencenumber>
    <date>2021-09-27 10:23:00</date>
    <title>RN / Registered Nurse  Medical Surgical-General in LITTLE FALLS, NY</title>
    <description><![CDATA[<strong>Estimated payment breakdown
</strong>
<strong>$2,012</strong> per week in taxable pay and non-taxable stipends
<ul>
 	<li>Specialty: <strong>RN</strong></li>
 	<li>Start Date: <strong>2/7/2022</strong></li>
 	<li>Duration: <strong>13</strong></li>
 	<li><b>36 hours per week</b></li>
 	<li>Shift: <strong>3x12 Days</strong></li>
 	<li>Employment Type: <strong>Traveler</strong></li>
</ul>
<p>Ardor Health Solutions is looking for a Medical Surgical-General - M/S to join our travel team in LITTLE FALLS, NY! This is a full time travel contract position.</p>

<p>Requirements include, but are not limited to:</p>

<ul>
	<li>Active NY RN license</li>
	<li>2+ years of Medical Surgical-General - M/S experience</li>
	<li>Ability to clear a drug screen/background check</li>
	<li>This position begins on 10/11/2021 and ends on 01/10/2022</li>
</ul>

<p><strong>Benefits include:</strong></p>

<ul>
	<li>Major Medical</li>
	<li>Dental/Vision Insurance</li>
	<li>Pet Insurance</li>
	<li>Life Insurance with extensive family health options</li>
	<li>License Reimbursements and processing assistance with our internal licensing department</li>
	<li>$500 referral bonus</li>
	<li>24-hour emergency access to our offices</li>
</ul>

<p><strong>About Ardor Health Solutions:</strong></p>

<p>Ardor Health Solutions is a fun, energetic, and passionate group of healthcare staffing professionals. We strive to bring you the highest quality positions that are perfect for your career. We are dedicated to finding you a travel position that not only provides superior compensation, but enriches your life.</p>

<p>Ardor Health Solutions is a Fortune Ranked, award-winning, expanding company that has also recently been ranked the <em>20th Largest Allied Staffing Firm in the Nation </em>by Staffing Industry Analysts (SIA) and by <em>Fortune`s Great Places to Work Survey</em>s several years in a row.</p>

<p>For more information or to be considered, please apply now.</p>

386857]]></description>
    <company>Ardor Health</company>
    <url>https://www.ardorhealth.com/job/registered-nurse-medical-surgical-general-in-little-falls-ny-little-falls-ny-2/</url>
    <jobtype>Traveler</jobtype>
    <profession>RN</profession>
    <specialty>RN</specialty>
    <sub_specialty>M/S</sub_specialty>
    <days>91</days>
    <shift>3x12 Days</shift>
    <hours_per_week>36</hours_per_week>
    <salary>$2,012</salary>
    <start_date>2/7/2022</start_date>
    <city>LITTLE FALLS</city>
    <state>NY</state>
    <country>US</country>
  </job>
  <job>
    <referencenumber>63945</referencenumber>
    <date>2021-09-27 10:21:00</date>
    <title>RN / Registered Nurse  Emergency Room in Sunnyvale, TX</title>
    <description><![CDATA[<strong>Estimated payment breakdown
</strong>
<strong>$2,515</strong> per week in taxable pay and non-taxable stipends
<ul>
 	<li>Specialty: <strong>RN</strong></li>
 	<li>Start Date: <strong>1/30/2022</strong></li>
 	<li>Duration: <strong>13</strong></li>
 	<li><b>36 hours per week</b></li>
 	<li>Shift: <strong>3x12 Nights</strong></li>
 	<li>Employment Type: <strong>Traveler</strong></li>
</ul>
<p>Ardor Health Solutions is looking for a Emergency Room - ER to join our travel team in Sunnyvale, TX! This is a full time travel contract position.</p>

<p>Requirements include, but are not limited to:</p>

<ul>
	<li>Active TX RN license</li>
	<li>2+ years of Emergency Room - ER experience</li>
	<li>Ability to clear a drug screen/background check</li>
	<li>This position begins on 10/11/2021 and ends on 01/08/2022</li>
</ul>

<p><strong>Benefits include:</strong></p>

<ul>
	<li>Major Medical</li>
	<li>Dental/Vision Insurance</li>
	<li>Pet Insurance</li>
	<li>Life Insurance with extensive family health options</li>
	<li>License Reimbursements and processing assistance with our internal licensing department</li>
	<li>$500 referral bonus</li>
	<li>24-hour emergency access to our offices</li>
</ul>

<p><strong>About Ardor Health Solutions:</strong></p>

<p>Ardor Health Solutions is a fun, energetic, and passionate group of healthcare staffing professionals. We strive to bring you the highest quality positions that are perfect for your career. We are dedicated to finding you a travel position that not only provides superior compensation, but enriches your life.</p>

<p>Ardor Health Solutions is a Fortune Ranked, award-winning, expanding company that has also recently been ranked the <em>20th Largest Allied Staffing Firm in the Nation </em>by Staffing Industry Analysts (SIA) and by <em>Fortune`s Great Places to Work Survey</em>s several years in a row.</p>

<p>For more information or to be considered, please apply now.</p>

386851]]></description>
    <company>Ardor Health</company>
    <url>https://www.ardorhealth.com/job/registered-nurse-emergency-room-in-sunnyvale-tx-sunnyvale-tx-3/</url>
    <jobtype>Traveler</jobtype>
    <profession>RN</profession>
    <specialty>RN</specialty>
    <sub_specialty>ER</sub_specialty>
    <days>91</days>
    <shift>3x12 Nights</shift>
    <hours_per_week>36</hours_per_week>
    <salary>$2,515</salary>
    <start_date>1/30/2022</start_date>
    <city>Sunnyvale</city>
    <state>TX</state>
    <country>US</country>
  </job>
  <job>
    <referencenumber>63946</referencenumber>
    <date>2021-09-27 10:21:00</date>
    <title>RN / Registered Nurse  Emergency Room in Sunnyvale, TX</title>
    <description><![CDATA[<strong>Estimated payment breakdown
</strong>
<strong>$2,515</strong> per week in taxable pay and non-taxable stipends
<ul>
 	<li>Specialty: <strong>RN</strong></li>
 	<li>Start Date: <strong>1/30/2022</strong></li>
 	<li>Duration: <strong>13</strong></li>
 	<li><b>36 hours per week</b></li>
 	<li>Shift: <strong>3x12 Nights</strong></li>
 	<li>Employment Type: <strong>Traveler</strong></li>
</ul>
<p>Ardor Health Solutions is looking for a Emergency Room - ER to join our travel team in Sunnyvale, TX! This is a full time travel contract position.</p>

<p>Requirements include, but are not limited to:</p>

<ul>
	<li>Active TX RN license</li>
	<li>2+ years of Emergency Room - ER experience</li>
	<li>Ability to clear a drug screen/background check</li>
	<li>This position begins on 10/11/2021 and ends on 01/08/2022</li>
</ul>

<p><strong>Benefits include:</strong></p>

<ul>
	<li>Major Medical</li>
	<li>Dental/Vision Insurance</li>
	<li>Pet Insurance</li>
	<li>Life Insurance with extensive family health options</li>
	<li>License Reimbursements and processing assistance with our internal licensing department</li>
	<li>$500 referral bonus</li>
	<li>24-hour emergency access to our offices</li>
</ul>

<p><strong>About Ardor Health Solutions:</strong></p>

<p>Ardor Health Solutions is a fun, energetic, and passionate group of healthcare staffing professionals. We strive to bring you the highest quality positions that are perfect for your career. We are dedicated to finding you a travel position that not only provides superior compensation, but enriches your life.</p>

<p>Ardor Health Solutions is a Fortune Ranked, award-winning, expanding company that has also recently been ranked the <em>20th Largest Allied Staffing Firm in the Nation </em>by Staffing Industry Analysts (SIA) and by <em>Fortune`s Great Places to Work Survey</em>s several years in a row.</p>

<p>For more information or to be considered, please apply now.</p>

386850]]></description>
    <company>Ardor Health</company>
    <url>https://www.ardorhealth.com/job/registered-nurse-emergency-room-in-sunnyvale-tx-sunnyvale-tx-4/</url>
    <jobtype>Traveler</jobtype>
    <profession>RN</profession>
    <specialty>RN</specialty>
    <sub_specialty>ER</sub_specialty>
    <days>91</days>
    <shift>3x12 Nights</shift>
    <hours_per_week>36</hours_per_week>
    <salary>$2,515</salary>
    <start_date>1/30/2022</start_date>
    <city>Sunnyvale</city>
    <state>TX</state>
    <country>US</country>
  </job>
  <job>
    <referencenumber>65282</referencenumber>
    <date>2021-09-24 09:51:00</date>
    <title>RN / Registered Nurse  Post Anesthesia Care Unit in Richmond, VA</title>
    <description><![CDATA[<strong>Estimated payment breakdown
</strong>
<strong>$3,429</strong> per week in taxable pay and non-taxable stipends
<ul>
 	<li>Specialty: <strong>RN</strong></li>
 	<li>Start Date: <strong>2/7/2022</strong></li>
 	<li>Duration: <strong>13</strong></li>
 	<li><b>36 hours per week</b></li>
 	<li>Shift: <strong>Unknown</strong></li>
 	<li>Employment Type: <strong>Traveler</strong></li>
</ul>
<p>Ardor Health Solutions is looking for a Post Anesthesia Care Unit - PACU to join our travel team in Richmond, VA! This is a full time travel contract position.</p>

<p>Requirements include, but are not limited to:</p>

<ul>
	<li>Active VA RN license</li>
	<li>2+ years of Post Anesthesia Care Unit - PACU experience</li>
	<li>Ability to clear a drug screen/background check</li>
	<li>This position begins on 10/24/2021 and ends on 01/23/2022</li>
</ul>

<p><strong>Benefits include:</strong></p>

<ul>
	<li>Major Medical</li>
	<li>Dental/Vision Insurance</li>
	<li>Pet Insurance</li>
	<li>Life Insurance with extensive family health options</li>
	<li>License Reimbursements and processing assistance with our internal licensing department</li>
	<li>$500 referral bonus</li>
	<li>24-hour emergency access to our offices</li>
</ul>

<p><strong>About Ardor Health Solutions:</strong></p>

<p>Ardor Health Solutions is a fun, energetic, and passionate group of healthcare staffing professionals. We strive to bring you the highest quality positions that are perfect for your career. We are dedicated to finding you a travel position that not only provides superior compensation, but enriches your life.</p>

<p>Ardor Health Solutions is a Fortune Ranked, award-winning, expanding company that has also recently been ranked the <em>20th Largest Allied Staffing Firm in the Nation </em>by Staffing Industry Analysts (SIA) and by <em>Fortune`s Great Places to Work Survey</em>s several years in a row.</p>

<p>For more information or to be considered, please apply now.</p>

386381]]></description>
    <company>Ardor Health</company>
    <url>https://www.ardorhealth.com/job/registered-nurse-post-anesthesia-care-unit-in-richmond-va-richmond-va-3/</url>
    <jobtype>Traveler</jobtype>
    <profession>RN</profession>
    <specialty>RN</specialty>
    <sub_specialty>PACU</sub_specialty>
    <days>91</days>
    <shift>Unknown</shift>
    <hours_per_week>36</hours_per_week>
    <salary>$3,429</salary>
    <start_date>2/7/2022</start_date>
    <city>Richmond</city>
    <state>VA</state>
    <country>US</country>
  </job>
  <job>
    <referencenumber>65291</referencenumber>
    <date>2021-09-24 09:50:00</date>
    <title>RN / Registered Nurse  Intensive Care Unit in Anchorage, AK</title>
    <description><![CDATA[<strong>Estimated payment breakdown
</strong>
<strong>$3,658</strong> per week in taxable pay and non-taxable stipends
<ul>
 	<li>Specialty: <strong>RN</strong></li>
 	<li>Start Date: <strong>2/7/2022</strong></li>
 	<li>Duration: <strong>13</strong></li>
 	<li><b>36 hours per week</b></li>
 	<li>Shift: <strong>3x12 Nights</strong></li>
 	<li>Employment Type: <strong>Traveler</strong></li>
</ul>
<p>Ardor Health Solutions is looking for a Critical Care Unit - CCU to join our travel team in Anchorage, AK! This is a full time travel contract position.</p>

<p>Requirements include, but are not limited to:</p>

<ul>
	<li>Active AK RN license</li>
	<li>2+ years of Critical Care Unit - CCU experience</li>
	<li>Ability to clear a drug screen/background check</li>
	<li>This position begins on 10/18/2021 and ends on 01/17/2022</li>
</ul>

<p><strong>Benefits include:</strong></p>

<ul>
	<li>Major Medical</li>
	<li>Dental/Vision Insurance</li>
	<li>Pet Insurance</li>
	<li>Life Insurance with extensive family health options</li>
	<li>License Reimbursements and processing assistance with our internal licensing department</li>
	<li>$500 referral bonus</li>
	<li>24-hour emergency access to our offices</li>
</ul>

<p><strong>About Ardor Health Solutions:</strong></p>

<p>Ardor Health Solutions is a fun, energetic, and passionate group of healthcare staffing professionals. We strive to bring you the highest quality positions that are perfect for your career. We are dedicated to finding you a travel position that not only provides superior compensation, but enriches your life.</p>

<p>Ardor Health Solutions is a Fortune Ranked, award-winning, expanding company that has also recently been ranked the <em>20th Largest Allied Staffing Firm in the Nation </em>by Staffing Industry Analysts (SIA) and by <em>Fortune`s Great Places to Work Survey</em>s several years in a row.</p>

<p>For more information or to be considered, please apply now.</p>

386358]]></description>
    <company>Ardor Health</company>
    <url>https://www.ardorhealth.com/job/registered-nurse-intensive-care-unit-in-anchorage-ak-anchorage-ak-2/</url>
    <jobtype>Traveler</jobtype>
    <profession>RN</profession>
    <specialty>RN</specialty>
    <sub_specialty>ICU</sub_specialty>
    <days>91</days>
    <shift>3x12 Nights</shift>
    <hours_per_week>36</hours_per_week>
    <salary>$3,658</salary>
    <start_date>2/7/2022</start_date>
    <city>Anchorage</city>
    <state>AK</state>
    <country>US</country>
  </job>
  <job>
    <referencenumber>65603</referencenumber>
    <date>2021-05-07 13:54:00</date>
    <title>RN / Registered Nurse  Operating Room in Neptune City, NJ</title>
    <description><![CDATA[<strong>Estimated payment breakdown
</strong>
<strong>$2,540</strong> per week in taxable pay and non-taxable stipends
<ul>
 	<li>Specialty: <strong>RN</strong></li>
 	<li>Start Date: <strong>1/30/2022</strong></li>
 	<li>Duration: <strong>12</strong></li>
 	<li><b>40 hours per week</b></li>
 	<li>Shift: <strong>4x10 Days</strong></li>
 	<li>Employment Type: <strong>Traveler</strong></li>
</ul>
<p>Ardor Health Solutions is looking for a Operating Room - OR to join our travel team in Neptune City, NJ! This is a full time travel contract position.</p>

<p>Requirements include, but are not limited to:</p>

<ul>
	<li>Active NJ RN license</li>
	<li>2+ years of Operating Room - OR experience</li>
	<li>Ability to clear a drug screen/background check</li>
	<li>This position begins on 06/07/2021 and ends on 08/30/2021</li>
</ul>

<p><strong>Benefits include:</strong></p>

<ul>
	<li>Major Medical</li>
	<li>Dental/Vision Insurance</li>
	<li>Pet Insurance</li>
	<li>Life Insurance with extensive family health options</li>
	<li>License Reimbursements and processing assistance with our internal licensing department</li>
	<li>$500 referral bonus</li>
	<li>24-hour emergency access to our offices</li>
</ul>

<p><strong>About Ardor Health Solutions:</strong></p>

<p>Ardor Health Solutions is a fun, energetic, and passionate group of healthcare staffing professionals. We strive to bring you the highest quality positions that are perfect for your career. We are dedicated to finding you a travel position that not only provides superior compensation, but enriches your life.</p>

<p>Ardor Health Solutions is a Fortune Ranked, award-winning, expanding company that has also recently been ranked the <em>20th Largest Allied Staffing Firm in the Nation </em>by Staffing Industry Analysts (SIA) and by <em>Fortune`s Great Places to Work Survey</em>s several years in a row.</p>

<p>For more information or to be considered, please apply now.</p>

344229]]></description>
    <company>Ardor Health</company>
    <url>https://www.ardorhealth.com/job/registered-nurse-operating-room-in-neptune-city-nj-neptune-city-nj-2/</url>
    <jobtype>Traveler</jobtype>
    <profession>RN</profession>
    <specialty>RN</specialty>
    <sub_specialty>OR</sub_specialty>
    <days>84</days>
    <shift>4x10 Days</shift>
    <hours_per_week>40</hours_per_week>
    <salary>$2,540</salary>
    <start_date>1/30/2022</start_date>
    <city>Neptune City</city>
    <state>NJ</state>
    <country>US</country>
  </job>
  <job>
    <referencenumber>65604</referencenumber>
    <date>2021-05-07 13:54:00</date>
    <title>RN / Registered Nurse  Operating Room in Neptune City, NJ</title>
    <description><![CDATA[<strong>Estimated payment breakdown
</strong>
<strong>$2,540</strong> per week in taxable pay and non-taxable stipends
<ul>
 	<li>Specialty: <strong>RN</strong></li>
 	<li>Start Date: <strong>1/30/2022</strong></li>
 	<li>Duration: <strong>12</strong></li>
 	<li><b>40 hours per week</b></li>
 	<li>Shift: <strong>4x10 Days</strong></li>
 	<li>Employment Type: <strong>Traveler</strong></li>
</ul>
<p>Ardor Health Solutions is looking for a Operating Room - OR to join our travel team in Neptune City, NJ! This is a full time travel contract position.</p>

<p>Requirements include, but are not limited to:</p>

<ul>
	<li>Active NJ RN license</li>
	<li>2+ years of Operating Room - OR experience</li>
	<li>Ability to clear a drug screen/background check</li>
	<li>This position begins on 06/07/2021 and ends on 08/30/2021</li>
</ul>

<p><strong>Benefits include:</strong></p>

<ul>
	<li>Major Medical</li>
	<li>Dental/Vision Insurance</li>
	<li>Pet Insurance</li>
	<li>Life Insurance with extensive family health options</li>
	<li>License Reimbursements and processing assistance with our internal licensing department</li>
	<li>$500 referral bonus</li>
	<li>24-hour emergency access to our offices</li>
</ul>

<p><strong>About Ardor Health Solutions:</strong></p>

<p>Ardor Health Solutions is a fun, energetic, and passionate group of healthcare staffing professionals. We strive to bring you the highest quality positions that are perfect for your career. We are dedicated to finding you a travel position that not only provides superior compensation, but enriches your life.</p>

<p>Ardor Health Solutions is a Fortune Ranked, award-winning, expanding company that has also recently been ranked the <em>20th Largest Allied Staffing Firm in the Nation </em>by Staffing Industry Analysts (SIA) and by <em>Fortune`s Great Places to Work Survey</em>s several years in a row.</p>

<p>For more information or to be considered, please apply now.</p>

344228]]></description>
    <company>Ardor Health</company>
    <url>https://www.ardorhealth.com/job/registered-nurse-operating-room-in-neptune-city-nj-neptune-city-nj-3/</url>
    <jobtype>Traveler</jobtype>
    <profession>RN</profession>
    <specialty>RN</specialty>
    <sub_specialty>OR</sub_specialty>
    <days>84</days>
    <shift>4x10 Days</shift>
    <hours_per_week>40</hours_per_week>
    <salary>$2,540</salary>
    <start_date>1/30/2022</start_date>
    <city>Neptune City</city>
    <state>NJ</state>
    <country>US</country>
  </job>
  <job>
    <referencenumber>65609</referencenumber>
    <date>2021-05-06 13:31:00</date>
    <title>RN / Registered Nurse  Medical Surgical Neurology in Pinehurst, NC</title>
    <description><![CDATA[<strong>Estimated payment breakdown
</strong>
<strong>$2,858</strong> per week in taxable pay and non-taxable stipends
<ul>
 	<li>Specialty: <strong>RN</strong></li>
 	<li>Start Date: <strong>2/7/2022</strong></li>
 	<li>Duration: <strong>8</strong></li>
 	<li><b>36 hours per week</b></li>
 	<li>Shift: <strong>3x12 Nights</strong></li>
 	<li>Employment Type: <strong>Traveler</strong></li>
</ul>
<p>Ardor Health Solutions is looking for a Medical Surgical Neurology - M/S Neuro to join our travel team in Pinehurst, NC! This is a full time travel contract position.</p>

<p>Requirements include, but are not limited to:</p>

<ul>
	<li>Active NC RN license</li>
	<li>2+ years of Medical Surgical Neurology - M/S Neuro experience</li>
	<li>Ability to clear a drug screen/background check</li>
	<li>This position begins on 06/07/2021 and ends on 08/02/2021</li>
</ul>

<p><strong>Benefits include:</strong></p>

<ul>
	<li>Major Medical</li>
	<li>Dental/Vision Insurance</li>
	<li>Pet Insurance</li>
	<li>Life Insurance with extensive family health options</li>
	<li>License Reimbursements and processing assistance with our internal licensing department</li>
	<li>$500 referral bonus</li>
	<li>24-hour emergency access to our offices</li>
</ul>

<p><strong>About Ardor Health Solutions:</strong></p>

<p>Ardor Health Solutions is a fun, energetic, and passionate group of healthcare staffing professionals. We strive to bring you the highest quality positions that are perfect for your career. We are dedicated to finding you a travel position that not only provides superior compensation, but enriches your life.</p>

<p>Ardor Health Solutions is a Fortune Ranked, award-winning, expanding company that has also recently been ranked the <em>20th Largest Allied Staffing Firm in the Nation </em>by Staffing Industry Analysts (SIA) and by <em>Fortune`s Great Places to Work Survey</em>s several years in a row.</p>

<p>For more information or to be considered, please apply now.</p>

344021]]></description>
    <company>Ardor Health</company>
    <url>https://www.ardorhealth.com/job/registered-nurse-medical-surgical-neurology-in-pinehurst-nc-pinehurst-nc/</url>
    <jobtype>Traveler</jobtype>
    <profession>RN</profession>
    <specialty>RN</specialty>
    <sub_specialty>M/S Neuro</sub_specialty>
    <days>56</days>
    <shift>3x12 Nights</shift>
    <hours_per_week>36</hours_per_week>
    <salary>$2,858</salary>
    <start_date>2/7/2022</start_date>
    <city>Pinehurst</city>
    <state>NC</state>
    <country>US</country>
  </job>
  <job>
    <referencenumber>65611</referencenumber>
    <date>2021-05-05 14:14:00</date>
    <title>SLP / Speech Language Pathologist  Long Term Care/Skilled Nursing Facility in LAKE CHARLES, LA</title>
    <description><![CDATA[<strong>Estimated payment breakdown
</strong>
<strong>$1,554</strong> per week in taxable pay and non-taxable stipends
<ul>
 	<li>Specialty: <strong>SLP</strong></li>
 	<li>Start Date: <strong>1/30/2022</strong></li>
 	<li>Duration: <strong>13</strong></li>
 	<li><b>36 hours per week</b></li>
 	<li>Shift: <strong>Days</strong></li>
 	<li>Employment Type: <strong>Traveler</strong></li>
</ul>
<p>Ardor Health Solutions is looking for a Long Term Care/Skilled Nursing Facility - LTC/SNF to join our travel team in LAKE CHARLES, LA! This is a full time travel contract position.</p>

<p>Requirements include, but are not limited to:</p>

<ul>
	<li>Active LA Speech Language Pathologist license</li>
	<li>2+ years of Long Term Care/Skilled Nursing Facility - LTC/SNF experience</li>
	<li>Ability to clear a drug screen/background check</li>
	<li>This position begins on 05/17/2021 and ends on 08/14/2021</li>
</ul>

<p><strong>Benefits include:</strong></p>

<ul>
	<li>Major Medical</li>
	<li>Dental/Vision Insurance</li>
	<li>Pet Insurance</li>
	<li>Life Insurance with extensive family health options</li>
	<li>License Reimbursements and processing assistance with our internal licensing department</li>
	<li>$500 referral bonus</li>
	<li>24-hour emergency access to our offices</li>
</ul>

<p><strong>About Ardor Health Solutions:</strong></p>

<p>Ardor Health Solutions is a fun, energetic, and passionate group of healthcare staffing professionals. We strive to bring you the highest quality positions that are perfect for your career. We are dedicated to finding you a travel position that not only provides superior compensation, but enriches your life.</p>

<p>Ardor Health Solutions is a Fortune Ranked, award-winning, expanding company that has also recently been ranked the <em>20th Largest Allied Staffing Firm in the Nation </em>by Staffing Industry Analysts (SIA) and by <em>Fortune`s Great Places to Work Survey</em>s several years in a row.</p>

<p>For more information or to be considered, please apply now.</p>

343698]]></description>
    <company>Ardor Health</company>
    <url>https://www.ardorhealth.com/job/speech-language-pathologist-long-term-care-skilled-nursing-facility-in-lake-charles-la-lake-charles-la/</url>
    <jobtype>Traveler</jobtype>
    <profession>SLP</profession>
    <specialty>SLP</specialty>
    <sub_specialty>LTC/SNF</sub_specialty>
    <days>91</days>
    <shift>Days</shift>
    <hours_per_week>36</hours_per_week>
    <salary>$1,554</salary>
    <start_date>1/30/2022</start_date>
    <city>LAKE CHARLES</city>
    <state>LA</state>
    <country>US</country>
  </job>
  <job>
    <referencenumber>68504</referencenumber>
    <date>2021-09-24 09:47:00</date>
    <title>ST / Surg Tech  Surgical General in Elizabethtown, KY</title>
    <description><![CDATA[<strong>Estimated payment breakdown
</strong>
<strong>$2,457</strong> per week in taxable pay and non-taxable stipends
<ul>
 	<li>Specialty: <strong>ST</strong></li>
 	<li>Start Date: <strong>2/7/2022</strong></li>
 	<li>Duration: <strong>13</strong></li>
 	<li><b>36 hours per week</b></li>
 	<li>Shift: <strong>3x12 Days</strong></li>
 	<li>Employment Type: <strong>Traveler</strong></li>
</ul>
<p>Ardor Health Solutions is looking for a First Assist - First Assist to join our travel team in Elizabethtown, KY! This is a full time travel contract position.</p>

<p>Requirements include, but are not limited to:</p>

<ul>
	<li>Active KY OR Tech First Assist (CSFA) license</li>
	<li>2+ years of First Assist - First Assist experience</li>
	<li>Ability to clear a drug screen/background check</li>
	<li>This position begins on 10/18/2021 and ends on 01/17/2022</li>
</ul>

<p><strong>Benefits include:</strong></p>

<ul>
	<li>Major Medical</li>
	<li>Dental/Vision Insurance</li>
	<li>Pet Insurance</li>
	<li>Life Insurance with extensive family health options</li>
	<li>License Reimbursements and processing assistance with our internal licensing department</li>
	<li>$500 referral bonus</li>
	<li>24-hour emergency access to our offices</li>
</ul>

<p><strong>About Ardor Health Solutions:</strong></p>

<p>Ardor Health Solutions is a fun, energetic, and passionate group of healthcare staffing professionals. We strive to bring you the highest quality positions that are perfect for your career. We are dedicated to finding you a travel position that not only provides superior compensation, but enriches your life.</p>

<p>Ardor Health Solutions is a Fortune Ranked, award-winning, expanding company that has also recently been ranked the <em>20th Largest Allied Staffing Firm in the Nation </em>by Staffing Industry Analysts (SIA) and by <em>Fortune`s Great Places to Work Survey</em>s several years in a row.</p>

<p>For more information or to be considered, please apply now.</p>

386333]]></description>
    <company>Ardor Health</company>
    <url>https://www.ardorhealth.com/job/surg-tech-surgical-general-in-elizabethtown-ky-elizabethtown-ky/</url>
    <jobtype>Traveler</jobtype>
    <profession>ST</profession>
    <specialty>ST</specialty>
    <sub_specialty>Surg Genl</sub_specialty>
    <days>91</days>
    <shift>3x12 Days</shift>
    <hours_per_week>36</hours_per_week>
    <salary>$2,457</salary>
    <start_date>2/7/2022</start_date>
    <city>Elizabethtown</city>
    <state>KY</state>
    <country>US</country>
  </job>
  <job>
    <referencenumber>68505</referencenumber>
    <date>2021-09-24 09:45:00</date>
    <title>RRT / Registered Respiratory Therapist  Acute Care in FLORENCE, KY</title>
    <description><![CDATA[<strong>Estimated payment breakdown
</strong>
<strong>$1,521</strong> per week in taxable pay and non-taxable stipends
<ul>
 	<li>Specialty: <strong>RRT</strong></li>
 	<li>Start Date: <strong>2/14/2022</strong></li>
 	<li>Duration: <strong>13</strong></li>
 	<li><b>36 hours per week</b></li>
 	<li>Shift: <strong>3x12 Days</strong></li>
 	<li>Employment Type: <strong>Traveler</strong></li>
</ul>
<p>Ardor Health Solutions is looking for a Other - Other to join our travel team in FLORENCE, KY! This is a full time travel contract position.</p>

<p>Requirements include, but are not limited to:</p>

<ul>
	<li>Active KY RRT license</li>
	<li>2+ years of Other - Other experience</li>
	<li>Ability to clear a drug screen/background check</li>
	<li>This position begins on 10/12/2021 and ends on 01/11/2022</li>
</ul>

<p><strong>Benefits include:</strong></p>

<ul>
	<li>Major Medical</li>
	<li>Dental/Vision Insurance</li>
	<li>Pet Insurance</li>
	<li>Life Insurance with extensive family health options</li>
	<li>License Reimbursements and processing assistance with our internal licensing department</li>
	<li>$500 referral bonus</li>
	<li>24-hour emergency access to our offices</li>
</ul>

<p><strong>About Ardor Health Solutions:</strong></p>

<p>Ardor Health Solutions is a fun, energetic, and passionate group of healthcare staffing professionals. We strive to bring you the highest quality positions that are perfect for your career. We are dedicated to finding you a travel position that not only provides superior compensation, but enriches your life.</p>

<p>Ardor Health Solutions is a Fortune Ranked, award-winning, expanding company that has also recently been ranked the <em>20th Largest Allied Staffing Firm in the Nation </em>by Staffing Industry Analysts (SIA) and by <em>Fortune`s Great Places to Work Survey</em>s several years in a row.</p>

<p>For more information or to be considered, please apply now.</p>

386330]]></description>
    <company>Ardor Health</company>
    <url>https://www.ardorhealth.com/job/registered-respiratory-therapist-acute-care-in-florence-ky-florence-ky-2/</url>
    <jobtype>Traveler</jobtype>
    <profession>RRT</profession>
    <specialty>RRT</specialty>
    <sub_specialty>Acute Care</sub_specialty>
    <days>91</days>
    <shift>3x12 Days</shift>
    <hours_per_week>36</hours_per_week>
    <salary>$1,521</salary>
    <start_date>2/14/2022</start_date>
    <city>FLORENCE</city>
    <state>KY</state>
    <country>US</country>
  </job>
  <job>
    <referencenumber>68516</referencenumber>
    <date>2021-09-23 13:29:00</date>
    <title>RN / Registered Nurse  Operating Room Scrub in Bradenton, FL</title>
    <description><![CDATA[<strong>Estimated payment breakdown
</strong>
<strong>$2,286</strong> per week in taxable pay and non-taxable stipends
<ul>
 	<li>Specialty: <strong>RN</strong></li>
 	<li>Start Date: <strong>2/7/2022</strong></li>
 	<li>Duration: <strong>13</strong></li>
 	<li><b>36 hours per week</b></li>
 	<li>Shift: <strong>Rotating</strong></li>
 	<li>Employment Type: <strong>Traveler</strong></li>
</ul>
<p>Ardor Health Solutions is looking for a Operating Room Scrub - OR Scrub to join our travel team in Bradenton, FL! This is a full time travel contract position.</p>

<p>Requirements include, but are not limited to:</p>

<ul>
	<li>Active FL RN license</li>
	<li>2+ years of Operating Room Scrub - OR Scrub experience</li>
	<li>Ability to clear a drug screen/background check</li>
	<li>This position begins on 09/29/2021 and ends on 12/29/2021</li>
</ul>

<p><strong>Benefits include:</strong></p>

<ul>
	<li>Major Medical</li>
	<li>Dental/Vision Insurance</li>
	<li>Pet Insurance</li>
	<li>Life Insurance with extensive family health options</li>
	<li>License Reimbursements and processing assistance with our internal licensing department</li>
	<li>$500 referral bonus</li>
	<li>24-hour emergency access to our offices</li>
</ul>

<p><strong>About Ardor Health Solutions:</strong></p>

<p>Ardor Health Solutions is a fun, energetic, and passionate group of healthcare staffing professionals. We strive to bring you the highest quality positions that are perfect for your career. We are dedicated to finding you a travel position that not only provides superior compensation, but enriches your life.</p>

<p>Ardor Health Solutions is a Fortune Ranked, award-winning, expanding company that has also recently been ranked the <em>20th Largest Allied Staffing Firm in the Nation </em>by Staffing Industry Analysts (SIA) and by <em>Fortune`s Great Places to Work Survey</em>s several years in a row.</p>

<p>For more information or to be considered, please apply now.</p>

386237]]></description>
    <company>Ardor Health</company>
    <url>https://www.ardorhealth.com/job/registered-nurse-operating-room-scrub-in-bradenton-fl-bradenton-fl/</url>
    <jobtype>Traveler</jobtype>
    <profession>RN</profession>
    <specialty>RN</specialty>
    <sub_specialty>OR Scrub</sub_specialty>
    <days>91</days>
    <shift>Rotating</shift>
    <hours_per_week>36</hours_per_week>
    <salary>$2,286</salary>
    <start_date>2/7/2022</start_date>
    <city>Bradenton</city>
    <state>FL</state>
    <country>US</country>
  </job>

</jobs>